[2026-01-23 10:11:19] production.ERROR: Allowed memory size of 134217728 bytes exhausted (tried to allocate 6295552 bytes) {"exception":"[object] (Symfony\\Component\\ErrorHandler\\Error\\FatalError(code: 0): Allowed memory size of 134217728 bytes exhausted (tried to allocate 6295552 bytes) at D:\\wamp64\\www\\v2_sae301\\sae301\\erddap-api\\vendor\\laravel\\framework\\src\\Illuminate\\Http\\JsonResponse.php:85)
[stacktrace]
#0 D:\\wamp64\\www\\v2_sae301\\sae301\\erddap-api\\vendor\\laravel\\framework\\src\\Illuminate\\Foundation\\Bootstrap\\HandleExceptions.php(247): Symfony\\Component\\ErrorHandler\\Error\\FatalError->__construct(message: ''Allowed memory...', code: '0', error: '['type' => 1, '...', traceOffset: '0', traceArgs: '???', trace: '???')
#1 D:\\wamp64\\www\\v2_sae301\\sae301\\erddap-api\\vendor\\laravel\\framework\\src\\Illuminate\\Foundation\\Bootstrap\\HandleExceptions.php(234): Illuminate\\Foundation\\Bootstrap\\HandleExceptions->fatalErrorFromPhpError(error: '['type' => 1, '...', traceOffset: '0')
#2 D:\\wamp64\\www\\v2_sae301\\sae301\\erddap-api\\vendor\\laravel\\framework\\src\\Illuminate\\Foundation\\Bootstrap\\HandleExceptions.php(258): Illuminate\\Foundation\\Bootstrap\\HandleExceptions->handleShutdown()
#3 D:\\wamp64\\www\\v2_sae301\\sae301\\erddap-api\\vendor\\laravel\\framework\\src\\Illuminate\\Foundation\\Bootstrap\\HandleExceptions.php(0): Illuminate\\Foundation\\Bootstrap\\HandleExceptions->{closure:D:\\wamp64\\www\\v2_sae301\\sae301\\erddap-api\\vendor\\laravel\\framework\\src\\Illuminate\\Foundation\\Bootstrap\\HandleExceptions.php:257-259}()
#4 {main}
"} 
[2026-01-23 10:14:30] production.ERROR: Allowed memory size of 134217728 bytes exhausted (tried to allocate 6295552 bytes) {"exception":"[object] (Symfony\\Component\\ErrorHandler\\Error\\FatalError(code: 0): Allowed memory size of 134217728 bytes exhausted (tried to allocate 6295552 bytes) at D:\\wamp64\\www\\v2_sae301\\sae301\\erddap-api\\vendor\\laravel\\framework\\src\\Illuminate\\Http\\JsonResponse.php:85)
[stacktrace]
#0 D:\\wamp64\\www\\v2_sae301\\sae301\\erddap-api\\vendor\\laravel\\framework\\src\\Illuminate\\Foundation\\Bootstrap\\HandleExceptions.php(247): Symfony\\Component\\ErrorHandler\\Error\\FatalError->__construct(message: ''Allowed memory...', code: '0', error: '['type' => 1, '...', traceOffset: '0', traceArgs: '???', trace: '???')
#1 D:\\wamp64\\www\\v2_sae301\\sae301\\erddap-api\\vendor\\laravel\\framework\\src\\Illuminate\\Foundation\\Bootstrap\\HandleExceptions.php(234): Illuminate\\Foundation\\Bootstrap\\HandleExceptions->fatalErrorFromPhpError(error: '['type' => 1, '...', traceOffset: '0')
#2 D:\\wamp64\\www\\v2_sae301\\sae301\\erddap-api\\vendor\\laravel\\framework\\src\\Illuminate\\Foundation\\Bootstrap\\HandleExceptions.php(258): Illuminate\\Foundation\\Bootstrap\\HandleExceptions->handleShutdown()
#3 D:\\wamp64\\www\\v2_sae301\\sae301\\erddap-api\\vendor\\laravel\\framework\\src\\Illuminate\\Foundation\\Bootstrap\\HandleExceptions.php(0): Illuminate\\Foundation\\Bootstrap\\HandleExceptions->{closure:D:\\wamp64\\www\\v2_sae301\\sae301\\erddap-api\\vendor\\laravel\\framework\\src\\Illuminate\\Foundation\\Bootstrap\\HandleExceptions.php:257-259}()
#4 {main}
"} 
[2026-01-23 10:15:08] production.ERROR: Allowed memory size of 134217728 bytes exhausted (tried to allocate 6295552 bytes) {"exception":"[object] (Symfony\\Component\\ErrorHandler\\Error\\FatalError(code: 0): Allowed memory size of 134217728 bytes exhausted (tried to allocate 6295552 bytes) at D:\\wamp64\\www\\v2_sae301\\sae301\\erddap-api\\vendor\\laravel\\framework\\src\\Illuminate\\Http\\JsonResponse.php:85)
[stacktrace]
#0 D:\\wamp64\\www\\v2_sae301\\sae301\\erddap-api\\vendor\\laravel\\framework\\src\\Illuminate\\Foundation\\Bootstrap\\HandleExceptions.php(247): Symfony\\Component\\ErrorHandler\\Error\\FatalError->__construct(message: ''Allowed memory...', code: '0', error: '['type' => 1, '...', traceOffset: '0', traceArgs: '???', trace: '???')
#1 D:\\wamp64\\www\\v2_sae301\\sae301\\erddap-api\\vendor\\laravel\\framework\\src\\Illuminate\\Foundation\\Bootstrap\\HandleExceptions.php(234): Illuminate\\Foundation\\Bootstrap\\HandleExceptions->fatalErrorFromPhpError(error: '['type' => 1, '...', traceOffset: '0')
#2 D:\\wamp64\\www\\v2_sae301\\sae301\\erddap-api\\vendor\\laravel\\framework\\src\\Illuminate\\Foundation\\Bootstrap\\HandleExceptions.php(258): Illuminate\\Foundation\\Bootstrap\\HandleExceptions->handleShutdown()
#3 D:\\wamp64\\www\\v2_sae301\\sae301\\erddap-api\\vendor\\laravel\\framework\\src\\Illuminate\\Foundation\\Bootstrap\\HandleExceptions.php(0): Illuminate\\Foundation\\Bootstrap\\HandleExceptions->{closure:D:\\wamp64\\www\\v2_sae301\\sae301\\erddap-api\\vendor\\laravel\\framework\\src\\Illuminate\\Foundation\\Bootstrap\\HandleExceptions.php:257-259}()
#4 {main}
"} 
[2026-01-23 10:19:18] production.INFO: API Stats Request reçue: {"zone":"atlantique-nord","date_debut":"2026-01-13","date_fin":"2026-01-18"} 
[2026-01-23 10:19:18] production.INFO: Zone: atlantique-nord, Center: 45, -12.5  
[2026-01-23 10:19:18] production.ERROR: Erreur DataStatsController: Database file at path [D:\wamp64\www\sae301\erddap-api\database\database.sqlite] does not exist. Ensure this is an absolute path to the database. (Connection: sqlite, SQL: select * from "pointmesure" where "latitude" between 44.9999 and 45.0001 and "longitude" between -12.5001 and -12.4999 and "dateMesure" between 2026-01-13 and 2026-01-18)  
[2026-01-23 10:20:34] production.INFO: API Stats Request reçue: {"zone":"atlantique-nord","date_debut":"2026-01-13","date_fin":"2026-01-18"} 
[2026-01-23 10:20:34] production.INFO: Zone: atlantique-nord, Center: 45, -12.5  
[2026-01-23 10:20:34] production.ERROR: Erreur DataStatsController: Database file at path [D:\wamp64\www\sae301\erddap-api\database\database.sqlite] does not exist. Ensure this is an absolute path to the database. (Connection: sqlite, SQL: select * from "pointmesure" where "latitude" between 44.9999 and 45.0001 and "longitude" between -12.5001 and -12.4999 and "dateMesure" between 2026-01-13 and 2026-01-18)  
[2026-01-23 10:21:05] production.INFO: API Stats Request reçue: {"zone":"atlantique-nord","date_debut":"2026-01-13","date_fin":"2026-01-18"} 
[2026-01-23 10:21:05] production.INFO: Zone: atlantique-nord, Center: 45, -12.5  
[2026-01-23 10:21:05] production.ERROR: Erreur DataStatsController: Database file at path [D:\wamp64\www\sae301\erddap-api\database\database.sqlite] does not exist. Ensure this is an absolute path to the database. (Connection: sqlite, SQL: select * from "pointmesure" where "latitude" between 44.9999 and 45.0001 and "longitude" between -12.5001 and -12.4999 and "dateMesure" between 2026-01-13 and 2026-01-18)  
[2026-01-23 10:22:10] production.ERROR: Allowed memory size of 134217728 bytes exhausted (tried to allocate 6295552 bytes) {"exception":"[object] (Symfony\\Component\\ErrorHandler\\Error\\FatalError(code: 0): Allowed memory size of 134217728 bytes exhausted (tried to allocate 6295552 bytes) at D:\\wamp64\\www\\sae301\\erddap-api\\vendor\\laravel\\framework\\src\\Illuminate\\Http\\JsonResponse.php:85)
[stacktrace]
#0 D:\\wamp64\\www\\sae301\\erddap-api\\vendor\\laravel\\framework\\src\\Illuminate\\Foundation\\Bootstrap\\HandleExceptions.php(247): Symfony\\Component\\ErrorHandler\\Error\\FatalError->__construct(message: ''Allowed memory...', code: '0', error: '['type' => 1, '...', traceOffset: '0', traceArgs: '???', trace: '???')
#1 D:\\wamp64\\www\\sae301\\erddap-api\\vendor\\laravel\\framework\\src\\Illuminate\\Foundation\\Bootstrap\\HandleExceptions.php(234): Illuminate\\Foundation\\Bootstrap\\HandleExceptions->fatalErrorFromPhpError(error: '['type' => 1, '...', traceOffset: '0')
#2 D:\\wamp64\\www\\sae301\\erddap-api\\vendor\\laravel\\framework\\src\\Illuminate\\Foundation\\Bootstrap\\HandleExceptions.php(258): Illuminate\\Foundation\\Bootstrap\\HandleExceptions->handleShutdown()
#3 D:\\wamp64\\www\\sae301\\erddap-api\\vendor\\laravel\\framework\\src\\Illuminate\\Foundation\\Bootstrap\\HandleExceptions.php(0): Illuminate\\Foundation\\Bootstrap\\HandleExceptions->{closure:D:\\wamp64\\www\\sae301\\erddap-api\\vendor\\laravel\\framework\\src\\Illuminate\\Foundation\\Bootstrap\\HandleExceptions.php:257-259}()
#4 {main}
"} 
[2026-01-23 10:25:34] production.ERROR: Allowed memory size of 134217728 bytes exhausted (tried to allocate 6295552 bytes) {"exception":"[object] (Symfony\\Component\\ErrorHandler\\Error\\FatalError(code: 0): Allowed memory size of 134217728 bytes exhausted (tried to allocate 6295552 bytes) at D:\\wamp64\\www\\sae301\\erddap-api\\vendor\\laravel\\framework\\src\\Illuminate\\Http\\JsonResponse.php:85)
[stacktrace]
#0 D:\\wamp64\\www\\sae301\\erddap-api\\vendor\\laravel\\framework\\src\\Illuminate\\Foundation\\Bootstrap\\HandleExceptions.php(247): Symfony\\Component\\ErrorHandler\\Error\\FatalError->__construct(message: ''Allowed memory...', code: '0', error: '['type' => 1, '...', traceOffset: '0', traceArgs: '???', trace: '???')
#1 D:\\wamp64\\www\\sae301\\erddap-api\\vendor\\laravel\\framework\\src\\Illuminate\\Foundation\\Bootstrap\\HandleExceptions.php(234): Illuminate\\Foundation\\Bootstrap\\HandleExceptions->fatalErrorFromPhpError(error: '['type' => 1, '...', traceOffset: '0')
#2 D:\\wamp64\\www\\sae301\\erddap-api\\vendor\\laravel\\framework\\src\\Illuminate\\Foundation\\Bootstrap\\HandleExceptions.php(258): Illuminate\\Foundation\\Bootstrap\\HandleExceptions->handleShutdown()
#3 D:\\wamp64\\www\\sae301\\erddap-api\\vendor\\laravel\\framework\\src\\Illuminate\\Foundation\\Bootstrap\\HandleExceptions.php(0): Illuminate\\Foundation\\Bootstrap\\HandleExceptions->{closure:D:\\wamp64\\www\\sae301\\erddap-api\\vendor\\laravel\\framework\\src\\Illuminate\\Foundation\\Bootstrap\\HandleExceptions.php:257-259}()
#4 {main}
"} 
[2026-01-23 10:25:55] production.ERROR: Database file at path [D:\wamp64\www\sae301\erddap-api\database\database.sqlite] does not exist. Ensure this is an absolute path to the database. (Connection: sqlite, SQL: select * from "pointmesure" where "latitude" between 44.9999 and 45.0001 and "longitude" between -0.0001 and 0.0001 and strftime('%Y-%m-%d', "dateMesure") = cast(2026-01-19 as text) limit 1) {"exception":"[object] (Illuminate\\Database\\QueryException(code: 0): Database file at path [D:\\wamp64\\www\\sae301\\erddap-api\\database\\database.sqlite] does not exist. Ensure this is an absolute path to the database. (Connection: sqlite, SQL: select * from \"pointmesure\" where \"latitude\" between 44.9999 and 45.0001 and \"longitude\" between -0.0001 and 0.0001 and strftime('%Y-%m-%d', \"dateMesure\") = cast(2026-01-19 as text) limit 1) at D:\\wamp64\\www\\sae301\\erddap-api\\vendor\\laravel\\framework\\src\\Illuminate\\Database\\Connection.php:824)
[stacktrace]
#0 D:\\wamp64\\www\\sae301\\erddap-api\\vendor\\laravel\\framework\\src\\Illuminate\\Database\\Connection.php(778): Illuminate\\Database\\Connection->runQueryCallback('select * from \"...', Array, Object(Closure))
#1 D:\\wamp64\\www\\sae301\\erddap-api\\vendor\\laravel\\framework\\src\\Illuminate\\Database\\Connection.php(397): Illuminate\\Database\\Connection->run('select * from \"...', Array, Object(Closure))
#2 D:\\wamp64\\www\\sae301\\erddap-api\\vendor\\laravel\\framework\\src\\Illuminate\\Database\\Query\\Builder.php(3188): Illuminate\\Database\\Connection->select('select * from \"...', Array, true)
#3 D:\\wamp64\\www\\sae301\\erddap-api\\vendor\\laravel\\framework\\src\\Illuminate\\Database\\Query\\Builder.php(3173): Illuminate\\Database\\Query\\Builder->runSelect()
#4 D:\\wamp64\\www\\sae301\\erddap-api\\vendor\\laravel\\framework\\src\\Illuminate\\Database\\Query\\Builder.php(3763): Illuminate\\Database\\Query\\Builder->{closure:Illuminate\\Database\\Query\\Builder::get():3172}()
#5 D:\\wamp64\\www\\sae301\\erddap-api\\vendor\\laravel\\framework\\src\\Illuminate\\Database\\Query\\Builder.php(3172): Illuminate\\Database\\Query\\Builder->onceWithColumns(Array, Object(Closure))
#6 D:\\wamp64\\www\\sae301\\erddap-api\\vendor\\laravel\\framework\\src\\Illuminate\\Database\\Eloquent\\Builder.php(902): Illuminate\\Database\\Query\\Builder->get(Array)
#7 D:\\wamp64\\www\\sae301\\erddap-api\\vendor\\laravel\\framework\\src\\Illuminate\\Database\\Eloquent\\Builder.php(884): Illuminate\\Database\\Eloquent\\Builder->getModels(Array)
#8 D:\\wamp64\\www\\sae301\\erddap-api\\vendor\\laravel\\framework\\src\\Illuminate\\Database\\Concerns\\BuildsQueries.php(366): Illuminate\\Database\\Eloquent\\Builder->get(Array)
#9 D:\\wamp64\\www\\sae301\\erddap-api\\app\\Http\\Controllers\\Api\\DataStatsController.php(164): Illuminate\\Database\\Eloquent\\Builder->first()
#10 D:\\wamp64\\www\\sae301\\erddap-api\\app\\Http\\Controllers\\Api\\DataStatsController.php(346): App\\Http\\Controllers\\Api\\DataStatsController->getOrFetchValue('noaacwBLENDEDss...', 45.0, 0.0, '2026-01-19')
#11 D:\\wamp64\\www\\sae301\\erddap-api\\vendor\\laravel\\framework\\src\\Illuminate\\Routing\\ControllerDispatcher.php(46): App\\Http\\Controllers\\Api\\DataStatsController->getDatasetData(Object(Illuminate\\Http\\Request), 'noaacwBLENDEDss...')
#12 D:\\wamp64\\www\\sae301\\erddap-api\\vendor\\laravel\\framework\\src\\Illuminate\\Routing\\Route.php(265): Illuminate\\Routing\\ControllerDispatcher->dispatch(Object(Illuminate\\Routing\\Route), Object(App\\Http\\Controllers\\Api\\DataStatsController), 'getDatasetData')
#13 D:\\wamp64\\www\\sae301\\erddap-api\\vendor\\laravel\\framework\\src\\Illuminate\\Routing\\Route.php(211): Illuminate\\Routing\\Route->runController()
#14 D:\\wamp64\\www\\sae301\\erddap-api\\vendor\\laravel\\framework\\src\\Illuminate\\Routing\\Router.php(822): Illuminate\\Routing\\Route->run()
#15 D:\\wamp64\\www\\sae301\\erddap-api\\vendor\\laravel\\framework\\src\\Illuminate\\Pipeline\\Pipeline.php(180): Illuminate\\Routing\\Router->{closure:Illuminate\\Routing\\Router::runRouteWithinStack():821}(Object(Illuminate\\Http\\Request))
#16 D:\\wamp64\\www\\sae301\\erddap-api\\vendor\\laravel\\framework\\src\\Illuminate\\Routing\\Middleware\\SubstituteBindings.php(50): Illuminate\\Pipeline\\Pipeline->{closure:Illuminate\\Pipeline\\Pipeline::prepareDestination():178}(Object(Illuminate\\Http\\Request))
#17 D:\\wamp64\\www\\sae301\\erddap-api\\vendor\\laravel\\framework\\src\\Illuminate\\Pipeline\\Pipeline.php(219): Illuminate\\Routing\\Middleware\\SubstituteBindings->handle(Object(Illuminate\\Http\\Request), Object(Closure))
#18 D:\\wamp64\\www\\sae301\\erddap-api\\vendor\\laravel\\framework\\src\\Illuminate\\Pipeline\\Pipeline.php(137): Illuminate\\Pipeline\\Pipeline->{closure:{closure:Illuminate\\Pipeline\\Pipeline::carry():194}:195}(Object(Illuminate\\Http\\Request))
#19 D:\\wamp64\\www\\sae301\\erddap-api\\vendor\\laravel\\framework\\src\\Illuminate\\Routing\\Router.php(821): Illuminate\\Pipeline\\Pipeline->then(Object(Closure))
#20 D:\\wamp64\\www\\sae301\\erddap-api\\vendor\\laravel\\framework\\src\\Illuminate\\Routing\\Router.php(800): Illuminate\\Routing\\Router->runRouteWithinStack(Object(Illuminate\\Routing\\Route), Object(Illuminate\\Http\\Request))
#21 D:\\wamp64\\www\\sae301\\erddap-api\\vendor\\laravel\\framework\\src\\Illuminate\\Routing\\Router.php(764): Illuminate\\Routing\\Router->runRoute(Object(Illuminate\\Http\\Request), Object(Illuminate\\Routing\\Route))
#22 D:\\wamp64\\www\\sae301\\erddap-api\\vendor\\laravel\\framework\\src\\Illuminate\\Routing\\Router.php(753): Illuminate\\Routing\\Router->dispatchToRoute(Object(Illuminate\\Http\\Request))
#23 D:\\wamp64\\www\\sae301\\erddap-api\\vendor\\laravel\\framework\\src\\Illuminate\\Foundation\\Http\\Kernel.php(200): Illuminate\\Routing\\Router->dispatch(Object(Illuminate\\Http\\Request))
#24 D:\\wamp64\\www\\sae301\\erddap-api\\vendor\\laravel\\framework\\src\\Illuminate\\Pipeline\\Pipeline.php(180): Illuminate\\Foundation\\Http\\Kernel->{closure:Illuminate\\Foundation\\Http\\Kernel::dispatchToRouter():197}(Object(Illuminate\\Http\\Request))
#25 D:\\wamp64\\www\\sae301\\erddap-api\\vendor\\laravel\\framework\\src\\Illuminate\\Foundation\\Http\\Middleware\\TransformsRequest.php(21): Illuminate\\Pipeline\\Pipeline->{closure:Illuminate\\Pipeline\\Pipeline::prepareDestination():178}(Object(Illuminate\\Http\\Request))
#26 D:\\wamp64\\www\\sae301\\erddap-api\\vendor\\laravel\\framework\\src\\Illuminate\\Foundation\\Http\\Middleware\\ConvertEmptyStringsToNull.php(31): Illuminate\\Foundation\\Http\\Middleware\\TransformsRequest->handle(Object(Illuminate\\Http\\Request), Object(Closure))
#27 D:\\wamp64\\www\\sae301\\erddap-api\\vendor\\laravel\\framework\\src\\Illuminate\\Pipeline\\Pipeline.php(219): Illuminate\\Foundation\\Http\\Middleware\\ConvertEmptyStringsToNull->handle(Object(Illuminate\\Http\\Request), Object(Closure))
#28 D:\\wamp64\\www\\sae301\\erddap-api\\vendor\\laravel\\framework\\src\\Illuminate\\Foundation\\Http\\Middleware\\TransformsRequest.php(21): Illuminate\\Pipeline\\Pipeline->{closure:{closure:Illuminate\\Pipeline\\Pipeline::carry():194}:195}(Object(Illuminate\\Http\\Request))
#29 D:\\wamp64\\www\\sae301\\erddap-api\\vendor\\laravel\\framework\\src\\Illuminate\\Foundation\\Http\\Middleware\\TrimStrings.php(51): Illuminate\\Foundation\\Http\\Middleware\\TransformsRequest->handle(Object(Illuminate\\Http\\Request), Object(Closure))
#30 D:\\wamp64\\www\\sae301\\erddap-api\\vendor\\laravel\\framework\\src\\Illuminate\\Pipeline\\Pipeline.php(219): Illuminate\\Foundation\\Http\\Middleware\\TrimStrings->handle(Object(Illuminate\\Http\\Request), Object(Closure))
#31 D:\\wamp64\\www\\sae301\\erddap-api\\vendor\\laravel\\framework\\src\\Illuminate\\Http\\Middleware\\ValidatePostSize.php(27): Illuminate\\Pipeline\\Pipeline->{closure:{closure:Illuminate\\Pipeline\\Pipeline::carry():194}:195}(Object(Illuminate\\Http\\Request))
#32 D:\\wamp64\\www\\sae301\\erddap-api\\vendor\\laravel\\framework\\src\\Illuminate\\Pipeline\\Pipeline.php(219): Illuminate\\Http\\Middleware\\ValidatePostSize->handle(Object(Illuminate\\Http\\Request), Object(Closure))
#33 D:\\wamp64\\www\\sae301\\erddap-api\\vendor\\laravel\\framework\\src\\Illuminate\\Foundation\\Http\\Middleware\\PreventRequestsDuringMaintenance.php(109): Illuminate\\Pipeline\\Pipeline->{closure:{closure:Illuminate\\Pipeline\\Pipeline::carry():194}:195}(Object(Illuminate\\Http\\Request))
#34 D:\\wamp64\\www\\sae301\\erddap-api\\vendor\\laravel\\framework\\src\\Illuminate\\Pipeline\\Pipeline.php(219): Illuminate\\Foundation\\Http\\Middleware\\PreventRequestsDuringMaintenance->handle(Object(Illuminate\\Http\\Request), Object(Closure))
#35 D:\\wamp64\\www\\sae301\\erddap-api\\vendor\\laravel\\framework\\src\\Illuminate\\Http\\Middleware\\HandleCors.php(61): Illuminate\\Pipeline\\Pipeline->{closure:{closure:Illuminate\\Pipeline\\Pipeline::carry():194}:195}(Object(Illuminate\\Http\\Request))
#36 D:\\wamp64\\www\\sae301\\erddap-api\\vendor\\laravel\\framework\\src\\Illuminate\\Pipeline\\Pipeline.php(219): Illuminate\\Http\\Middleware\\HandleCors->handle(Object(Illuminate\\Http\\Request), Object(Closure))
#37 D:\\wamp64\\www\\sae301\\erddap-api\\vendor\\laravel\\framework\\src\\Illuminate\\Http\\Middleware\\TrustProxies.php(58): Illuminate\\Pipeline\\Pipeline->{closure:{closure:Illuminate\\Pipeline\\Pipeline::carry():194}:195}(Object(Illuminate\\Http\\Request))
#38 D:\\wamp64\\www\\sae301\\erddap-api\\vendor\\laravel\\framework\\src\\Illuminate\\Pipeline\\Pipeline.php(219): Illuminate\\Http\\Middleware\\TrustProxies->handle(Object(Illuminate\\Http\\Request), Object(Closure))
#39 D:\\wamp64\\www\\sae301\\erddap-api\\vendor\\laravel\\framework\\src\\Illuminate\\Foundation\\Http\\Middleware\\InvokeDeferredCallbacks.php(22): Illuminate\\Pipeline\\Pipeline->{closure:{closure:Illuminate\\Pipeline\\Pipeline::carry():194}:195}(Object(Illuminate\\Http\\Request))
#40 D:\\wamp64\\www\\sae301\\erddap-api\\vendor\\laravel\\framework\\src\\Illuminate\\Pipeline\\Pipeline.php(219): Illuminate\\Foundation\\Http\\Middleware\\InvokeDeferredCallbacks->handle(Object(Illuminate\\Http\\Request), Object(Closure))
#41 D:\\wamp64\\www\\sae301\\erddap-api\\vendor\\laravel\\framework\\src\\Illuminate\\Http\\Middleware\\ValidatePathEncoding.php(26): Illuminate\\Pipeline\\Pipeline->{closure:{closure:Illuminate\\Pipeline\\Pipeline::carry():194}:195}(Object(Illuminate\\Http\\Request))
#42 D:\\wamp64\\www\\sae301\\erddap-api\\vendor\\laravel\\framework\\src\\Illuminate\\Pipeline\\Pipeline.php(219): Illuminate\\Http\\Middleware\\ValidatePathEncoding->handle(Object(Illuminate\\Http\\Request), Object(Closure))
#43 D:\\wamp64\\www\\sae301\\erddap-api\\vendor\\laravel\\framework\\src\\Illuminate\\Pipeline\\Pipeline.php(137): Illuminate\\Pipeline\\Pipeline->{closure:{closure:Illuminate\\Pipeline\\Pipeline::carry():194}:195}(Object(Illuminate\\Http\\Request))
#44 D:\\wamp64\\www\\sae301\\erddap-api\\vendor\\laravel\\framework\\src\\Illuminate\\Foundation\\Http\\Kernel.php(175): Illuminate\\Pipeline\\Pipeline->then(Object(Closure))
#45 D:\\wamp64\\www\\sae301\\erddap-api\\vendor\\laravel\\framework\\src\\Illuminate\\Foundation\\Http\\Kernel.php(144): Illuminate\\Foundation\\Http\\Kernel->sendRequestThroughRouter(Object(Illuminate\\Http\\Request))
#46 D:\\wamp64\\www\\sae301\\erddap-api\\vendor\\laravel\\framework\\src\\Illuminate\\Foundation\\Application.php(1220): Illuminate\\Foundation\\Http\\Kernel->handle(Object(Illuminate\\Http\\Request))
#47 D:\\wamp64\\www\\sae301\\erddap-api\\public\\index.php(20): Illuminate\\Foundation\\Application->handleRequest(Object(Illuminate\\Http\\Request))
#48 D:\\wamp64\\www\\sae301\\erddap-api\\vendor\\laravel\\framework\\src\\Illuminate\\Foundation\\resources\\server.php(23): require_once('D:\\\\wamp64\\\\www\\\\s...')
#49 {main}

[previous exception] [object] (Illuminate\\Database\\SQLiteDatabaseDoesNotExistException(code: 0): Database file at path [D:\\wamp64\\www\\sae301\\erddap-api\\database\\database.sqlite] does not exist. Ensure this is an absolute path to the database. at D:\\wamp64\\www\\sae301\\erddap-api\\vendor\\laravel\\framework\\src\\Illuminate\\Database\\Connectors\\SQLiteConnector.php:60)
[stacktrace]
#0 D:\\wamp64\\www\\sae301\\erddap-api\\vendor\\laravel\\framework\\src\\Illuminate\\Database\\Connectors\\SQLiteConnector.php(19): Illuminate\\Database\\Connectors\\SQLiteConnector->parseDatabasePath(false)
#1 D:\\wamp64\\www\\sae301\\erddap-api\\vendor\\laravel\\framework\\src\\Illuminate\\Database\\Connectors\\ConnectionFactory.php(223): Illuminate\\Database\\Connectors\\SQLiteConnector->connect(Array)
#2 [internal function]: Illuminate\\Database\\Connectors\\ConnectionFactory->{closure:Illuminate\\Database\\Connectors\\ConnectionFactory::createPdoResolverWithoutHosts():223}()
#3 D:\\wamp64\\www\\sae301\\erddap-api\\vendor\\laravel\\framework\\src\\Illuminate\\Database\\Connection.php(1234): call_user_func(Object(Closure))
#4 D:\\wamp64\\www\\sae301\\erddap-api\\vendor\\laravel\\framework\\src\\Illuminate\\Database\\Connection.php(1270): Illuminate\\Database\\Connection->getPdo()
#5 D:\\wamp64\\www\\sae301\\erddap-api\\vendor\\laravel\\framework\\src\\Illuminate\\Database\\Connection.php(511): Illuminate\\Database\\Connection->getReadPdo()
#6 D:\\wamp64\\www\\sae301\\erddap-api\\vendor\\laravel\\framework\\src\\Illuminate\\Database\\Connection.php(406): Illuminate\\Database\\Connection->getPdoForSelect(true)
#7 D:\\wamp64\\www\\sae301\\erddap-api\\vendor\\laravel\\framework\\src\\Illuminate\\Database\\Connection.php(811): Illuminate\\Database\\Connection->{closure:Illuminate\\Database\\Connection::select():397}('select * from \"...', Array)
#8 D:\\wamp64\\www\\sae301\\erddap-api\\vendor\\laravel\\framework\\src\\Illuminate\\Database\\Connection.php(778): Illuminate\\Database\\Connection->runQueryCallback('select * from \"...', Array, Object(Closure))
#9 D:\\wamp64\\www\\sae301\\erddap-api\\vendor\\laravel\\framework\\src\\Illuminate\\Database\\Connection.php(397): Illuminate\\Database\\Connection->run('select * from \"...', Array, Object(Closure))
#10 D:\\wamp64\\www\\sae301\\erddap-api\\vendor\\laravel\\framework\\src\\Illuminate\\Database\\Query\\Builder.php(3188): Illuminate\\Database\\Connection->select('select * from \"...', Array, true)
#11 D:\\wamp64\\www\\sae301\\erddap-api\\vendor\\laravel\\framework\\src\\Illuminate\\Database\\Query\\Builder.php(3173): Illuminate\\Database\\Query\\Builder->runSelect()
#12 D:\\wamp64\\www\\sae301\\erddap-api\\vendor\\laravel\\framework\\src\\Illuminate\\Database\\Query\\Builder.php(3763): Illuminate\\Database\\Query\\Builder->{closure:Illuminate\\Database\\Query\\Builder::get():3172}()
#13 D:\\wamp64\\www\\sae301\\erddap-api\\vendor\\laravel\\framework\\src\\Illuminate\\Database\\Query\\Builder.php(3172): Illuminate\\Database\\Query\\Builder->onceWithColumns(Array, Object(Closure))
#14 D:\\wamp64\\www\\sae301\\erddap-api\\vendor\\laravel\\framework\\src\\Illuminate\\Database\\Eloquent\\Builder.php(902): Illuminate\\Database\\Query\\Builder->get(Array)
#15 D:\\wamp64\\www\\sae301\\erddap-api\\vendor\\laravel\\framework\\src\\Illuminate\\Database\\Eloquent\\Builder.php(884): Illuminate\\Database\\Eloquent\\Builder->getModels(Array)
#16 D:\\wamp64\\www\\sae301\\erddap-api\\vendor\\laravel\\framework\\src\\Illuminate\\Database\\Concerns\\BuildsQueries.php(366): Illuminate\\Database\\Eloquent\\Builder->get(Array)
#17 D:\\wamp64\\www\\sae301\\erddap-api\\app\\Http\\Controllers\\Api\\DataStatsController.php(164): Illuminate\\Database\\Eloquent\\Builder->first()
#18 D:\\wamp64\\www\\sae301\\erddap-api\\app\\Http\\Controllers\\Api\\DataStatsController.php(346): App\\Http\\Controllers\\Api\\DataStatsController->getOrFetchValue('noaacwBLENDEDss...', 45.0, 0.0, '2026-01-19')
#19 D:\\wamp64\\www\\sae301\\erddap-api\\vendor\\laravel\\framework\\src\\Illuminate\\Routing\\ControllerDispatcher.php(46): App\\Http\\Controllers\\Api\\DataStatsController->getDatasetData(Object(Illuminate\\Http\\Request), 'noaacwBLENDEDss...')
#20 D:\\wamp64\\www\\sae301\\erddap-api\\vendor\\laravel\\framework\\src\\Illuminate\\Routing\\Route.php(265): Illuminate\\Routing\\ControllerDispatcher->dispatch(Object(Illuminate\\Routing\\Route), Object(App\\Http\\Controllers\\Api\\DataStatsController), 'getDatasetData')
#21 D:\\wamp64\\www\\sae301\\erddap-api\\vendor\\laravel\\framework\\src\\Illuminate\\Routing\\Route.php(211): Illuminate\\Routing\\Route->runController()
#22 D:\\wamp64\\www\\sae301\\erddap-api\\vendor\\laravel\\framework\\src\\Illuminate\\Routing\\Router.php(822): Illuminate\\Routing\\Route->run()
#23 D:\\wamp64\\www\\sae301\\erddap-api\\vendor\\laravel\\framework\\src\\Illuminate\\Pipeline\\Pipeline.php(180): Illuminate\\Routing\\Router->{closure:Illuminate\\Routing\\Router::runRouteWithinStack():821}(Object(Illuminate\\Http\\Request))
#24 D:\\wamp64\\www\\sae301\\erddap-api\\vendor\\laravel\\framework\\src\\Illuminate\\Routing\\Middleware\\SubstituteBindings.php(50): Illuminate\\Pipeline\\Pipeline->{closure:Illuminate\\Pipeline\\Pipeline::prepareDestination():178}(Object(Illuminate\\Http\\Request))
#25 D:\\wamp64\\www\\sae301\\erddap-api\\vendor\\laravel\\framework\\src\\Illuminate\\Pipeline\\Pipeline.php(219): Illuminate\\Routing\\Middleware\\SubstituteBindings->handle(Object(Illuminate\\Http\\Request), Object(Closure))
#26 D:\\wamp64\\www\\sae301\\erddap-api\\vendor\\laravel\\framework\\src\\Illuminate\\Pipeline\\Pipeline.php(137): Illuminate\\Pipeline\\Pipeline->{closure:{closure:Illuminate\\Pipeline\\Pipeline::carry():194}:195}(Object(Illuminate\\Http\\Request))
#27 D:\\wamp64\\www\\sae301\\erddap-api\\vendor\\laravel\\framework\\src\\Illuminate\\Routing\\Router.php(821): Illuminate\\Pipeline\\Pipeline->then(Object(Closure))
#28 D:\\wamp64\\www\\sae301\\erddap-api\\vendor\\laravel\\framework\\src\\Illuminate\\Routing\\Router.php(800): Illuminate\\Routing\\Router->runRouteWithinStack(Object(Illuminate\\Routing\\Route), Object(Illuminate\\Http\\Request))
#29 D:\\wamp64\\www\\sae301\\erddap-api\\vendor\\laravel\\framework\\src\\Illuminate\\Routing\\Router.php(764): Illuminate\\Routing\\Router->runRoute(Object(Illuminate\\Http\\Request), Object(Illuminate\\Routing\\Route))
#30 D:\\wamp64\\www\\sae301\\erddap-api\\vendor\\laravel\\framework\\src\\Illuminate\\Routing\\Router.php(753): Illuminate\\Routing\\Router->dispatchToRoute(Object(Illuminate\\Http\\Request))
#31 D:\\wamp64\\www\\sae301\\erddap-api\\vendor\\laravel\\framework\\src\\Illuminate\\Foundation\\Http\\Kernel.php(200): Illuminate\\Routing\\Router->dispatch(Object(Illuminate\\Http\\Request))
#32 D:\\wamp64\\www\\sae301\\erddap-api\\vendor\\laravel\\framework\\src\\Illuminate\\Pipeline\\Pipeline.php(180): Illuminate\\Foundation\\Http\\Kernel->{closure:Illuminate\\Foundation\\Http\\Kernel::dispatchToRouter():197}(Object(Illuminate\\Http\\Request))
#33 D:\\wamp64\\www\\sae301\\erddap-api\\vendor\\laravel\\framework\\src\\Illuminate\\Foundation\\Http\\Middleware\\TransformsRequest.php(21): Illuminate\\Pipeline\\Pipeline->{closure:Illuminate\\Pipeline\\Pipeline::prepareDestination():178}(Object(Illuminate\\Http\\Request))
#34 D:\\wamp64\\www\\sae301\\erddap-api\\vendor\\laravel\\framework\\src\\Illuminate\\Foundation\\Http\\Middleware\\ConvertEmptyStringsToNull.php(31): Illuminate\\Foundation\\Http\\Middleware\\TransformsRequest->handle(Object(Illuminate\\Http\\Request), Object(Closure))
#35 D:\\wamp64\\www\\sae301\\erddap-api\\vendor\\laravel\\framework\\src\\Illuminate\\Pipeline\\Pipeline.php(219): Illuminate\\Foundation\\Http\\Middleware\\ConvertEmptyStringsToNull->handle(Object(Illuminate\\Http\\Request), Object(Closure))
#36 D:\\wamp64\\www\\sae301\\erddap-api\\vendor\\laravel\\framework\\src\\Illuminate\\Foundation\\Http\\Middleware\\TransformsRequest.php(21): Illuminate\\Pipeline\\Pipeline->{closure:{closure:Illuminate\\Pipeline\\Pipeline::carry():194}:195}(Object(Illuminate\\Http\\Request))
#37 D:\\wamp64\\www\\sae301\\erddap-api\\vendor\\laravel\\framework\\src\\Illuminate\\Foundation\\Http\\Middleware\\TrimStrings.php(51): Illuminate\\Foundation\\Http\\Middleware\\TransformsRequest->handle(Object(Illuminate\\Http\\Request), Object(Closure))
#38 D:\\wamp64\\www\\sae301\\erddap-api\\vendor\\laravel\\framework\\src\\Illuminate\\Pipeline\\Pipeline.php(219): Illuminate\\Foundation\\Http\\Middleware\\TrimStrings->handle(Object(Illuminate\\Http\\Request), Object(Closure))
#39 D:\\wamp64\\www\\sae301\\erddap-api\\vendor\\laravel\\framework\\src\\Illuminate\\Http\\Middleware\\ValidatePostSize.php(27): Illuminate\\Pipeline\\Pipeline->{closure:{closure:Illuminate\\Pipeline\\Pipeline::carry():194}:195}(Object(Illuminate\\Http\\Request))
#40 D:\\wamp64\\www\\sae301\\erddap-api\\vendor\\laravel\\framework\\src\\Illuminate\\Pipeline\\Pipeline.php(219): Illuminate\\Http\\Middleware\\ValidatePostSize->handle(Object(Illuminate\\Http\\Request), Object(Closure))
#41 D:\\wamp64\\www\\sae301\\erddap-api\\vendor\\laravel\\framework\\src\\Illuminate\\Foundation\\Http\\Middleware\\PreventRequestsDuringMaintenance.php(109): Illuminate\\Pipeline\\Pipeline->{closure:{closure:Illuminate\\Pipeline\\Pipeline::carry():194}:195}(Object(Illuminate\\Http\\Request))
#42 D:\\wamp64\\www\\sae301\\erddap-api\\vendor\\laravel\\framework\\src\\Illuminate\\Pipeline\\Pipeline.php(219): Illuminate\\Foundation\\Http\\Middleware\\PreventRequestsDuringMaintenance->handle(Object(Illuminate\\Http\\Request), Object(Closure))
#43 D:\\wamp64\\www\\sae301\\erddap-api\\vendor\\laravel\\framework\\src\\Illuminate\\Http\\Middleware\\HandleCors.php(61): Illuminate\\Pipeline\\Pipeline->{closure:{closure:Illuminate\\Pipeline\\Pipeline::carry():194}:195}(Object(Illuminate\\Http\\Request))
#44 D:\\wamp64\\www\\sae301\\erddap-api\\vendor\\laravel\\framework\\src\\Illuminate\\Pipeline\\Pipeline.php(219): Illuminate\\Http\\Middleware\\HandleCors->handle(Object(Illuminate\\Http\\Request), Object(Closure))
#45 D:\\wamp64\\www\\sae301\\erddap-api\\vendor\\laravel\\framework\\src\\Illuminate\\Http\\Middleware\\TrustProxies.php(58): Illuminate\\Pipeline\\Pipeline->{closure:{closure:Illuminate\\Pipeline\\Pipeline::carry():194}:195}(Object(Illuminate\\Http\\Request))
#46 D:\\wamp64\\www\\sae301\\erddap-api\\vendor\\laravel\\framework\\src\\Illuminate\\Pipeline\\Pipeline.php(219): Illuminate\\Http\\Middleware\\TrustProxies->handle(Object(Illuminate\\Http\\Request), Object(Closure))
#47 D:\\wamp64\\www\\sae301\\erddap-api\\vendor\\laravel\\framework\\src\\Illuminate\\Foundation\\Http\\Middleware\\InvokeDeferredCallbacks.php(22): Illuminate\\Pipeline\\Pipeline->{closure:{closure:Illuminate\\Pipeline\\Pipeline::carry():194}:195}(Object(Illuminate\\Http\\Request))
#48 D:\\wamp64\\www\\sae301\\erddap-api\\vendor\\laravel\\framework\\src\\Illuminate\\Pipeline\\Pipeline.php(219): Illuminate\\Foundation\\Http\\Middleware\\InvokeDeferredCallbacks->handle(Object(Illuminate\\Http\\Request), Object(Closure))
#49 D:\\wamp64\\www\\sae301\\erddap-api\\vendor\\laravel\\framework\\src\\Illuminate\\Http\\Middleware\\ValidatePathEncoding.php(26): Illuminate\\Pipeline\\Pipeline->{closure:{closure:Illuminate\\Pipeline\\Pipeline::carry():194}:195}(Object(Illuminate\\Http\\Request))
#50 D:\\wamp64\\www\\sae301\\erddap-api\\vendor\\laravel\\framework\\src\\Illuminate\\Pipeline\\Pipeline.php(219): Illuminate\\Http\\Middleware\\ValidatePathEncoding->handle(Object(Illuminate\\Http\\Request), Object(Closure))
#51 D:\\wamp64\\www\\sae301\\erddap-api\\vendor\\laravel\\framework\\src\\Illuminate\\Pipeline\\Pipeline.php(137): Illuminate\\Pipeline\\Pipeline->{closure:{closure:Illuminate\\Pipeline\\Pipeline::carry():194}:195}(Object(Illuminate\\Http\\Request))
#52 D:\\wamp64\\www\\sae301\\erddap-api\\vendor\\laravel\\framework\\src\\Illuminate\\Foundation\\Http\\Kernel.php(175): Illuminate\\Pipeline\\Pipeline->then(Object(Closure))
#53 D:\\wamp64\\www\\sae301\\erddap-api\\vendor\\laravel\\framework\\src\\Illuminate\\Foundation\\Http\\Kernel.php(144): Illuminate\\Foundation\\Http\\Kernel->sendRequestThroughRouter(Object(Illuminate\\Http\\Request))
#54 D:\\wamp64\\www\\sae301\\erddap-api\\vendor\\laravel\\framework\\src\\Illuminate\\Foundation\\Application.php(1220): Illuminate\\Foundation\\Http\\Kernel->handle(Object(Illuminate\\Http\\Request))
#55 D:\\wamp64\\www\\sae301\\erddap-api\\public\\index.php(20): Illuminate\\Foundation\\Application->handleRequest(Object(Illuminate\\Http\\Request))
#56 D:\\wamp64\\www\\sae301\\erddap-api\\vendor\\laravel\\framework\\src\\Illuminate\\Foundation\\resources\\server.php(23): require_once('D:\\\\wamp64\\\\www\\\\s...')
#57 {main}
"} 
[2026-01-23 10:32:47] local.INFO: API Stats Request reçue: {"zone":"atlantique-nord","date_debut":"2026-01-13","date_fin":"2026-01-18"} 
[2026-01-23 10:32:47] local.INFO: Zone: atlantique-nord, Center: 45, -12.5  
[2026-01-23 10:32:47] local.INFO: Appel NOAA URL: https://coastwatch.noaa.gov/erddap/griddap/noaacwBLENDEDsstDNDaily.json?analysed_sst[(2026-01-13T12:00:00Z):1:(2026-01-13T12:00:00Z)][(44.999):1:(45.001)][(-12.501):1:(-12.499)]  
[2026-01-23 10:32:48] local.INFO: Réponse NOAA Code: 200  
[2026-01-23 10:32:48] local.INFO: Appel NOAA URL: https://coastwatch.noaa.gov/erddap/griddap/noaacwBLENDEDsstDNDaily.json?analysed_sst[(2026-01-14T12:00:00Z):1:(2026-01-14T12:00:00Z)][(44.999):1:(45.001)][(-12.501):1:(-12.499)]  
[2026-01-23 10:32:48] local.INFO: Réponse NOAA Code: 200  
[2026-01-23 10:32:48] local.INFO: Appel NOAA URL: https://coastwatch.noaa.gov/erddap/griddap/noaacwBLENDEDsstDNDaily.json?analysed_sst[(2026-01-15T12:00:00Z):1:(2026-01-15T12:00:00Z)][(44.999):1:(45.001)][(-12.501):1:(-12.499)]  
[2026-01-23 10:32:49] local.INFO: Réponse NOAA Code: 200  
[2026-01-23 10:32:49] local.INFO: Appel NOAA URL: https://coastwatch.noaa.gov/erddap/griddap/noaacwBLENDEDsstDNDaily.json?analysed_sst[(2026-01-16T12:00:00Z):1:(2026-01-16T12:00:00Z)][(44.999):1:(45.001)][(-12.501):1:(-12.499)]  
[2026-01-23 10:32:49] local.INFO: Réponse NOAA Code: 200  
[2026-01-23 10:32:49] local.INFO: Appel NOAA URL: https://coastwatch.noaa.gov/erddap/griddap/noaacwBLENDEDsstDNDaily.json?analysed_sst[(2026-01-17T12:00:00Z):1:(2026-01-17T12:00:00Z)][(44.999):1:(45.001)][(-12.501):1:(-12.499)]  
[2026-01-23 10:32:50] local.INFO: Réponse NOAA Code: 200  
[2026-01-23 10:32:50] local.INFO: Appel NOAA URL: https://coastwatch.noaa.gov/erddap/griddap/noaacwBLENDEDsstDNDaily.json?analysed_sst[(2026-01-18T12:00:00Z):1:(2026-01-18T12:00:00Z)][(44.999):1:(45.001)][(-12.501):1:(-12.499)]  
[2026-01-23 10:32:50] local.INFO: Réponse NOAA Code: 200  
[2026-01-23 10:32:50] local.INFO: Appel NOAA URL: https://coastwatch.noaa.gov/erddap/griddap/noaacwNPPVIIRSchlaDaily.json?chlor_a[(2026-01-13T12:00:00Z):1:(2026-01-13T12:00:00Z)][(0.0):1:(0.0)][(45.009):1:(45.011)][(-12.496):1:(-12.494)]  
[2026-01-23 10:32:51] local.INFO: Réponse NOAA Code: 200  
[2026-01-23 10:32:51] local.ERROR: SQL Save Fail: SQLSTATE[23000]: Integrity constraint violation: 1048 Le champ 'chla' ne peut être vide (null) (Connection: mysql, SQL: insert into `chlorophylle_a` (`PM_id`, `chla`) values (48, ?))  
[2026-01-23 10:32:51] local.INFO: Appel NOAA URL: https://coastwatch.noaa.gov/erddap/griddap/noaacwNPPVIIRSchlaDaily.json?chlor_a[(2026-01-14T12:00:00Z):1:(2026-01-14T12:00:00Z)][(0.0):1:(0.0)][(45.009):1:(45.011)][(-12.496):1:(-12.494)]  
[2026-01-23 10:32:51] local.INFO: Réponse NOAA Code: 200  
[2026-01-23 10:32:51] local.ERROR: SQL Save Fail: SQLSTATE[23000]: Integrity constraint violation: 1048 Le champ 'chla' ne peut être vide (null) (Connection: mysql, SQL: insert into `chlorophylle_a` (`PM_id`, `chla`) values (49, ?))  
[2026-01-23 10:32:51] local.INFO: Appel NOAA URL: https://coastwatch.noaa.gov/erddap/griddap/noaacwNPPVIIRSchlaDaily.json?chlor_a[(2026-01-15T12:00:00Z):1:(2026-01-15T12:00:00Z)][(0.0):1:(0.0)][(45.009):1:(45.011)][(-12.496):1:(-12.494)]  
[2026-01-23 10:32:52] local.INFO: Réponse NOAA Code: 200  
[2026-01-23 10:32:52] local.ERROR: SQL Save Fail: SQLSTATE[HY000]: General error: 1364 Field 'taux_incertitude' doesn't have a default value (Connection: mysql, SQL: insert into `chlorophylle_a` (`PM_id`, `chla`) values (50, 0.36228514))  
[2026-01-23 10:32:52] local.INFO: Appel NOAA URL: https://coastwatch.noaa.gov/erddap/griddap/noaacwNPPVIIRSchlaDaily.json?chlor_a[(2026-01-16T12:00:00Z):1:(2026-01-16T12:00:00Z)][(0.0):1:(0.0)][(45.009):1:(45.011)][(-12.496):1:(-12.494)]  
[2026-01-23 10:32:52] local.INFO: Réponse NOAA Code: 200  
[2026-01-23 10:32:52] local.ERROR: SQL Save Fail: SQLSTATE[23000]: Integrity constraint violation: 1048 Le champ 'chla' ne peut être vide (null) (Connection: mysql, SQL: insert into `chlorophylle_a` (`PM_id`, `chla`) values (51, ?))  
[2026-01-23 10:32:52] local.INFO: Appel NOAA URL: https://coastwatch.noaa.gov/erddap/griddap/noaacwNPPVIIRSchlaDaily.json?chlor_a[(2026-01-17T12:00:00Z):1:(2026-01-17T12:00:00Z)][(0.0):1:(0.0)][(45.009):1:(45.011)][(-12.496):1:(-12.494)]  
[2026-01-23 10:32:52] local.INFO: Réponse NOAA Code: 200  
[2026-01-23 10:32:52] local.ERROR: SQL Save Fail: SQLSTATE[HY000]: General error: 1364 Field 'taux_incertitude' doesn't have a default value (Connection: mysql, SQL: insert into `chlorophylle_a` (`PM_id`, `chla`) values (52, 0.23850077))  
[2026-01-23 10:32:52] local.INFO: Appel NOAA URL: https://coastwatch.noaa.gov/erddap/griddap/noaacwNPPVIIRSchlaDaily.json?chlor_a[(2026-01-18T12:00:00Z):1:(2026-01-18T12:00:00Z)][(0.0):1:(0.0)][(45.009):1:(45.011)][(-12.496):1:(-12.494)]  
[2026-01-23 10:32:53] local.INFO: Réponse NOAA Code: 200  
[2026-01-23 10:32:53] local.ERROR: SQL Save Fail: SQLSTATE[23000]: Integrity constraint violation: 1048 Le champ 'chla' ne peut être vide (null) (Connection: mysql, SQL: insert into `chlorophylle_a` (`PM_id`, `chla`) values (53, ?))  
[2026-01-23 10:33:43] local.ERROR: Allowed memory size of 134217728 bytes exhausted (tried to allocate 6295552 bytes) {"exception":"[object] (Symfony\\Component\\ErrorHandler\\Error\\FatalError(code: 0): Allowed memory size of 134217728 bytes exhausted (tried to allocate 6295552 bytes) at D:\\wamp64\\www\\sae301\\erddap-api\\vendor\\laravel\\framework\\src\\Illuminate\\Http\\JsonResponse.php:85)
[stacktrace]
#0 D:\\wamp64\\www\\sae301\\erddap-api\\vendor\\laravel\\framework\\src\\Illuminate\\Foundation\\Bootstrap\\HandleExceptions.php(247): Symfony\\Component\\ErrorHandler\\Error\\FatalError->__construct(message: ''Allowed memory...', code: '0', error: '['type' => 1, '...', traceOffset: '0', traceArgs: '???', trace: '???')
#1 D:\\wamp64\\www\\sae301\\erddap-api\\vendor\\laravel\\framework\\src\\Illuminate\\Foundation\\Bootstrap\\HandleExceptions.php(234): Illuminate\\Foundation\\Bootstrap\\HandleExceptions->fatalErrorFromPhpError(error: '['type' => 1, '...', traceOffset: '0')
#2 D:\\wamp64\\www\\sae301\\erddap-api\\vendor\\laravel\\framework\\src\\Illuminate\\Foundation\\Bootstrap\\HandleExceptions.php(258): Illuminate\\Foundation\\Bootstrap\\HandleExceptions->handleShutdown()
#3 D:\\wamp64\\www\\sae301\\erddap-api\\vendor\\laravel\\framework\\src\\Illuminate\\Foundation\\Bootstrap\\HandleExceptions.php(0): Illuminate\\Foundation\\Bootstrap\\HandleExceptions->{closure:D:\\wamp64\\www\\sae301\\erddap-api\\vendor\\laravel\\framework\\src\\Illuminate\\Foundation\\Bootstrap\\HandleExceptions.php:257-259}()
#4 {main}
"} 
[2026-01-23 10:34:47] local.ERROR: Allowed memory size of 134217728 bytes exhausted (tried to allocate 6295552 bytes) {"exception":"[object] (Symfony\\Component\\ErrorHandler\\Error\\FatalError(code: 0): Allowed memory size of 134217728 bytes exhausted (tried to allocate 6295552 bytes) at D:\\wamp64\\www\\sae301\\erddap-api\\vendor\\laravel\\framework\\src\\Illuminate\\Http\\JsonResponse.php:85)
[stacktrace]
#0 D:\\wamp64\\www\\sae301\\erddap-api\\vendor\\laravel\\framework\\src\\Illuminate\\Foundation\\Bootstrap\\HandleExceptions.php(247): Symfony\\Component\\ErrorHandler\\Error\\FatalError->__construct(message: ''Allowed memory...', code: '0', error: '['type' => 1, '...', traceOffset: '0', traceArgs: '???', trace: '???')
#1 D:\\wamp64\\www\\sae301\\erddap-api\\vendor\\laravel\\framework\\src\\Illuminate\\Foundation\\Bootstrap\\HandleExceptions.php(234): Illuminate\\Foundation\\Bootstrap\\HandleExceptions->fatalErrorFromPhpError(error: '['type' => 1, '...', traceOffset: '0')
#2 D:\\wamp64\\www\\sae301\\erddap-api\\vendor\\laravel\\framework\\src\\Illuminate\\Foundation\\Bootstrap\\HandleExceptions.php(258): Illuminate\\Foundation\\Bootstrap\\HandleExceptions->handleShutdown()
#3 D:\\wamp64\\www\\sae301\\erddap-api\\vendor\\laravel\\framework\\src\\Illuminate\\Foundation\\Bootstrap\\HandleExceptions.php(0): Illuminate\\Foundation\\Bootstrap\\HandleExceptions->{closure:D:\\wamp64\\www\\sae301\\erddap-api\\vendor\\laravel\\framework\\src\\Illuminate\\Foundation\\Bootstrap\\HandleExceptions.php:257-259}()
#4 {main}
"} 
[2026-01-23 10:35:45] local.INFO: API Stats Request reçue: {"zone":"atlantique-nord","date_debut":"2026-01-13","date_fin":"2026-01-18"} 
[2026-01-23 10:35:45] local.INFO: Zone: atlantique-nord, Center: 45, -12.5  
[2026-01-23 10:35:45] local.INFO: Appel NOAA URL: https://coastwatch.noaa.gov/erddap/griddap/noaacwBLENDEDsstDNDaily.json?analysed_sst[(2026-01-13T12:00:00Z):1:(2026-01-13T12:00:00Z)][(44.999):1:(45.001)][(-12.501):1:(-12.499)]  
[2026-01-23 10:35:46] local.INFO: Réponse NOAA Code: 200  
[2026-01-23 10:35:46] local.INFO: Appel NOAA URL: https://coastwatch.noaa.gov/erddap/griddap/noaacwBLENDEDsstDNDaily.json?analysed_sst[(2026-01-14T12:00:00Z):1:(2026-01-14T12:00:00Z)][(44.999):1:(45.001)][(-12.501):1:(-12.499)]  
[2026-01-23 10:35:46] local.INFO: Réponse NOAA Code: 200  
[2026-01-23 10:35:46] local.INFO: Appel NOAA URL: https://coastwatch.noaa.gov/erddap/griddap/noaacwBLENDEDsstDNDaily.json?analysed_sst[(2026-01-15T12:00:00Z):1:(2026-01-15T12:00:00Z)][(44.999):1:(45.001)][(-12.501):1:(-12.499)]  
[2026-01-23 10:35:47] local.INFO: Réponse NOAA Code: 200  
[2026-01-23 10:35:47] local.INFO: Appel NOAA URL: https://coastwatch.noaa.gov/erddap/griddap/noaacwBLENDEDsstDNDaily.json?analysed_sst[(2026-01-16T12:00:00Z):1:(2026-01-16T12:00:00Z)][(44.999):1:(45.001)][(-12.501):1:(-12.499)]  
[2026-01-23 10:35:48] local.INFO: Réponse NOAA Code: 200  
[2026-01-23 10:35:48] local.INFO: Appel NOAA URL: https://coastwatch.noaa.gov/erddap/griddap/noaacwBLENDEDsstDNDaily.json?analysed_sst[(2026-01-17T12:00:00Z):1:(2026-01-17T12:00:00Z)][(44.999):1:(45.001)][(-12.501):1:(-12.499)]  
[2026-01-23 10:35:48] local.INFO: Réponse NOAA Code: 200  
[2026-01-23 10:35:48] local.INFO: Appel NOAA URL: https://coastwatch.noaa.gov/erddap/griddap/noaacwBLENDEDsstDNDaily.json?analysed_sst[(2026-01-18T12:00:00Z):1:(2026-01-18T12:00:00Z)][(44.999):1:(45.001)][(-12.501):1:(-12.499)]  
[2026-01-23 10:35:49] local.INFO: Réponse NOAA Code: 200  
[2026-01-23 10:35:49] local.INFO: Appel NOAA URL: https://coastwatch.noaa.gov/erddap/griddap/noaacwNPPVIIRSchlaDaily.json?chlor_a[(2026-01-13T12:00:00Z):1:(2026-01-13T12:00:00Z)][(0.0):1:(0.0)][(45.009):1:(45.011)][(-12.496):1:(-12.494)]  
[2026-01-23 10:35:49] local.INFO: Réponse NOAA Code: 200  
[2026-01-23 10:35:49] local.ERROR: SQL Save Fail: SQLSTATE[23000]: Integrity constraint violation: 1048 Le champ 'chla' ne peut être vide (null) (Connection: mysql, SQL: insert into `chlorophylle_a` (`PM_id`, `chla`) values (48, ?))  
[2026-01-23 10:35:49] local.INFO: Appel NOAA URL: https://coastwatch.noaa.gov/erddap/griddap/noaacwNPPVIIRSchlaDaily.json?chlor_a[(2026-01-14T12:00:00Z):1:(2026-01-14T12:00:00Z)][(0.0):1:(0.0)][(45.009):1:(45.011)][(-12.496):1:(-12.494)]  
[2026-01-23 10:35:50] local.INFO: Réponse NOAA Code: 200  
[2026-01-23 10:35:50] local.ERROR: SQL Save Fail: SQLSTATE[23000]: Integrity constraint violation: 1048 Le champ 'chla' ne peut être vide (null) (Connection: mysql, SQL: insert into `chlorophylle_a` (`PM_id`, `chla`) values (49, ?))  
[2026-01-23 10:35:50] local.INFO: Appel NOAA URL: https://coastwatch.noaa.gov/erddap/griddap/noaacwNPPVIIRSchlaDaily.json?chlor_a[(2026-01-15T12:00:00Z):1:(2026-01-15T12:00:00Z)][(0.0):1:(0.0)][(45.009):1:(45.011)][(-12.496):1:(-12.494)]  
[2026-01-23 10:35:50] local.INFO: Réponse NOAA Code: 200  
[2026-01-23 10:35:50] local.ERROR: SQL Save Fail: SQLSTATE[HY000]: General error: 1364 Field 'taux_incertitude' doesn't have a default value (Connection: mysql, SQL: insert into `chlorophylle_a` (`PM_id`, `chla`) values (50, 0.36228514))  
[2026-01-23 10:35:50] local.INFO: Appel NOAA URL: https://coastwatch.noaa.gov/erddap/griddap/noaacwNPPVIIRSchlaDaily.json?chlor_a[(2026-01-16T12:00:00Z):1:(2026-01-16T12:00:00Z)][(0.0):1:(0.0)][(45.009):1:(45.011)][(-12.496):1:(-12.494)]  
[2026-01-23 10:35:51] local.INFO: Réponse NOAA Code: 200  
[2026-01-23 10:35:51] local.ERROR: SQL Save Fail: SQLSTATE[23000]: Integrity constraint violation: 1048 Le champ 'chla' ne peut être vide (null) (Connection: mysql, SQL: insert into `chlorophylle_a` (`PM_id`, `chla`) values (51, ?))  
[2026-01-23 10:35:51] local.INFO: Appel NOAA URL: https://coastwatch.noaa.gov/erddap/griddap/noaacwNPPVIIRSchlaDaily.json?chlor_a[(2026-01-17T12:00:00Z):1:(2026-01-17T12:00:00Z)][(0.0):1:(0.0)][(45.009):1:(45.011)][(-12.496):1:(-12.494)]  
[2026-01-23 10:35:51] local.INFO: Réponse NOAA Code: 200  
[2026-01-23 10:35:51] local.ERROR: SQL Save Fail: SQLSTATE[HY000]: General error: 1364 Field 'taux_incertitude' doesn't have a default value (Connection: mysql, SQL: insert into `chlorophylle_a` (`PM_id`, `chla`) values (52, 0.23850077))  
[2026-01-23 10:35:51] local.INFO: Appel NOAA URL: https://coastwatch.noaa.gov/erddap/griddap/noaacwNPPVIIRSchlaDaily.json?chlor_a[(2026-01-18T12:00:00Z):1:(2026-01-18T12:00:00Z)][(0.0):1:(0.0)][(45.009):1:(45.011)][(-12.496):1:(-12.494)]  
[2026-01-23 10:35:52] local.INFO: Réponse NOAA Code: 200  
[2026-01-23 10:35:52] local.ERROR: SQL Save Fail: SQLSTATE[23000]: Integrity constraint violation: 1048 Le champ 'chla' ne peut être vide (null) (Connection: mysql, SQL: insert into `chlorophylle_a` (`PM_id`, `chla`) values (53, ?))  
[2026-01-23 10:36:11] local.ERROR: Allowed memory size of 134217728 bytes exhausted (tried to allocate 6295552 bytes) {"exception":"[object] (Symfony\\Component\\ErrorHandler\\Error\\FatalError(code: 0): Allowed memory size of 134217728 bytes exhausted (tried to allocate 6295552 bytes) at D:\\wamp64\\www\\sae301\\erddap-api\\vendor\\laravel\\framework\\src\\Illuminate\\Http\\JsonResponse.php:85)
[stacktrace]
#0 D:\\wamp64\\www\\sae301\\erddap-api\\vendor\\laravel\\framework\\src\\Illuminate\\Foundation\\Bootstrap\\HandleExceptions.php(247): Symfony\\Component\\ErrorHandler\\Error\\FatalError->__construct(message: ''Allowed memory...', code: '0', error: '['type' => 1, '...', traceOffset: '0', traceArgs: '???', trace: '???')
#1 D:\\wamp64\\www\\sae301\\erddap-api\\vendor\\laravel\\framework\\src\\Illuminate\\Foundation\\Bootstrap\\HandleExceptions.php(234): Illuminate\\Foundation\\Bootstrap\\HandleExceptions->fatalErrorFromPhpError(error: '['type' => 1, '...', traceOffset: '0')
#2 D:\\wamp64\\www\\sae301\\erddap-api\\vendor\\laravel\\framework\\src\\Illuminate\\Foundation\\Bootstrap\\HandleExceptions.php(258): Illuminate\\Foundation\\Bootstrap\\HandleExceptions->handleShutdown()
#3 D:\\wamp64\\www\\sae301\\erddap-api\\vendor\\laravel\\framework\\src\\Illuminate\\Foundation\\Bootstrap\\HandleExceptions.php(0): Illuminate\\Foundation\\Bootstrap\\HandleExceptions->{closure:D:\\wamp64\\www\\sae301\\erddap-api\\vendor\\laravel\\framework\\src\\Illuminate\\Foundation\\Bootstrap\\HandleExceptions.php:257-259}()
#4 {main}
"} 
[2026-01-23 10:36:35] local.ERROR: Allowed memory size of 134217728 bytes exhausted (tried to allocate 6295552 bytes) {"exception":"[object] (Symfony\\Component\\ErrorHandler\\Error\\FatalError(code: 0): Allowed memory size of 134217728 bytes exhausted (tried to allocate 6295552 bytes) at D:\\wamp64\\www\\sae301\\erddap-api\\vendor\\laravel\\framework\\src\\Illuminate\\Http\\JsonResponse.php:85)
[stacktrace]
#0 D:\\wamp64\\www\\sae301\\erddap-api\\vendor\\laravel\\framework\\src\\Illuminate\\Foundation\\Bootstrap\\HandleExceptions.php(247): Symfony\\Component\\ErrorHandler\\Error\\FatalError->__construct(message: ''Allowed memory...', code: '0', error: '['type' => 1, '...', traceOffset: '0', traceArgs: '???', trace: '???')
#1 D:\\wamp64\\www\\sae301\\erddap-api\\vendor\\laravel\\framework\\src\\Illuminate\\Foundation\\Bootstrap\\HandleExceptions.php(234): Illuminate\\Foundation\\Bootstrap\\HandleExceptions->fatalErrorFromPhpError(error: '['type' => 1, '...', traceOffset: '0')
#2 D:\\wamp64\\www\\sae301\\erddap-api\\vendor\\laravel\\framework\\src\\Illuminate\\Foundation\\Bootstrap\\HandleExceptions.php(258): Illuminate\\Foundation\\Bootstrap\\HandleExceptions->handleShutdown()
#3 D:\\wamp64\\www\\sae301\\erddap-api\\vendor\\laravel\\framework\\src\\Illuminate\\Foundation\\Bootstrap\\HandleExceptions.php(0): Illuminate\\Foundation\\Bootstrap\\HandleExceptions->{closure:D:\\wamp64\\www\\sae301\\erddap-api\\vendor\\laravel\\framework\\src\\Illuminate\\Foundation\\Bootstrap\\HandleExceptions.php:257-259}()
#4 {main}
"} 
[2026-01-23 10:37:30] local.ERROR: Allowed memory size of 134217728 bytes exhausted (tried to allocate 4198400 bytes) {"exception":"[object] (Symfony\\Component\\ErrorHandler\\Error\\FatalError(code: 0): Allowed memory size of 134217728 bytes exhausted (tried to allocate 4198400 bytes) at D:\\wamp64\\www\\sae301\\erddap-api\\vendor\\laravel\\framework\\src\\Illuminate\\Http\\JsonResponse.php:85)
[stacktrace]
#0 D:\\wamp64\\www\\sae301\\erddap-api\\vendor\\laravel\\framework\\src\\Illuminate\\Foundation\\Bootstrap\\HandleExceptions.php(247): Symfony\\Component\\ErrorHandler\\Error\\FatalError->__construct(message: ''Allowed memory...', code: '0', error: '['type' => 1, '...', traceOffset: '0', traceArgs: '???', trace: '???')
#1 D:\\wamp64\\www\\sae301\\erddap-api\\vendor\\laravel\\framework\\src\\Illuminate\\Foundation\\Bootstrap\\HandleExceptions.php(234): Illuminate\\Foundation\\Bootstrap\\HandleExceptions->fatalErrorFromPhpError(error: '['type' => 1, '...', traceOffset: '0')
#2 D:\\wamp64\\www\\sae301\\erddap-api\\vendor\\laravel\\framework\\src\\Illuminate\\Foundation\\Bootstrap\\HandleExceptions.php(258): Illuminate\\Foundation\\Bootstrap\\HandleExceptions->handleShutdown()
#3 D:\\wamp64\\www\\sae301\\erddap-api\\vendor\\laravel\\framework\\src\\Illuminate\\Foundation\\Bootstrap\\HandleExceptions.php(0): Illuminate\\Foundation\\Bootstrap\\HandleExceptions->{closure:D:\\wamp64\\www\\sae301\\erddap-api\\vendor\\laravel\\framework\\src\\Illuminate\\Foundation\\Bootstrap\\HandleExceptions.php:257-259}()
#4 {main}
"} 
[2026-01-23 10:37:41] local.ERROR: Allowed memory size of 134217728 bytes exhausted (tried to allocate 6295552 bytes) {"exception":"[object] (Symfony\\Component\\ErrorHandler\\Error\\FatalError(code: 0): Allowed memory size of 134217728 bytes exhausted (tried to allocate 6295552 bytes) at D:\\wamp64\\www\\sae301\\erddap-api\\vendor\\laravel\\framework\\src\\Illuminate\\Http\\JsonResponse.php:85)
[stacktrace]
#0 D:\\wamp64\\www\\sae301\\erddap-api\\vendor\\laravel\\framework\\src\\Illuminate\\Foundation\\Bootstrap\\HandleExceptions.php(247): Symfony\\Component\\ErrorHandler\\Error\\FatalError->__construct(message: ''Allowed memory...', code: '0', error: '['type' => 1, '...', traceOffset: '0', traceArgs: '???', trace: '???')
#1 D:\\wamp64\\www\\sae301\\erddap-api\\vendor\\laravel\\framework\\src\\Illuminate\\Foundation\\Bootstrap\\HandleExceptions.php(234): Illuminate\\Foundation\\Bootstrap\\HandleExceptions->fatalErrorFromPhpError(error: '['type' => 1, '...', traceOffset: '0')
#2 D:\\wamp64\\www\\sae301\\erddap-api\\vendor\\laravel\\framework\\src\\Illuminate\\Foundation\\Bootstrap\\HandleExceptions.php(258): Illuminate\\Foundation\\Bootstrap\\HandleExceptions->handleShutdown()
#3 D:\\wamp64\\www\\sae301\\erddap-api\\vendor\\laravel\\framework\\src\\Illuminate\\Foundation\\Bootstrap\\HandleExceptions.php(0): Illuminate\\Foundation\\Bootstrap\\HandleExceptions->{closure:D:\\wamp64\\www\\sae301\\erddap-api\\vendor\\laravel\\framework\\src\\Illuminate\\Foundation\\Bootstrap\\HandleExceptions.php:257-259}()
#4 {main}
"} 
[2026-01-23 10:38:54] local.ERROR: Allowed memory size of 134217728 bytes exhausted (tried to allocate 6295552 bytes) {"exception":"[object] (Symfony\\Component\\ErrorHandler\\Error\\FatalError(code: 0): Allowed memory size of 134217728 bytes exhausted (tried to allocate 6295552 bytes) at D:\\wamp64\\www\\sae301\\erddap-api\\vendor\\laravel\\framework\\src\\Illuminate\\Http\\JsonResponse.php:85)
[stacktrace]
#0 D:\\wamp64\\www\\sae301\\erddap-api\\vendor\\laravel\\framework\\src\\Illuminate\\Foundation\\Bootstrap\\HandleExceptions.php(247): Symfony\\Component\\ErrorHandler\\Error\\FatalError->__construct(message: ''Allowed memory...', code: '0', error: '['type' => 1, '...', traceOffset: '0', traceArgs: '???', trace: '???')
#1 D:\\wamp64\\www\\sae301\\erddap-api\\vendor\\laravel\\framework\\src\\Illuminate\\Foundation\\Bootstrap\\HandleExceptions.php(234): Illuminate\\Foundation\\Bootstrap\\HandleExceptions->fatalErrorFromPhpError(error: '['type' => 1, '...', traceOffset: '0')
#2 D:\\wamp64\\www\\sae301\\erddap-api\\vendor\\laravel\\framework\\src\\Illuminate\\Foundation\\Bootstrap\\HandleExceptions.php(258): Illuminate\\Foundation\\Bootstrap\\HandleExceptions->handleShutdown()
#3 D:\\wamp64\\www\\sae301\\erddap-api\\vendor\\laravel\\framework\\src\\Illuminate\\Foundation\\Bootstrap\\HandleExceptions.php(0): Illuminate\\Foundation\\Bootstrap\\HandleExceptions->{closure:D:\\wamp64\\www\\sae301\\erddap-api\\vendor\\laravel\\framework\\src\\Illuminate\\Foundation\\Bootstrap\\HandleExceptions.php:257-259}()
#4 {main}
"} 
[2026-01-23 10:39:51] local.ERROR: Allowed memory size of 134217728 bytes exhausted (tried to allocate 6295552 bytes) {"exception":"[object] (Symfony\\Component\\ErrorHandler\\Error\\FatalError(code: 0): Allowed memory size of 134217728 bytes exhausted (tried to allocate 6295552 bytes) at D:\\wamp64\\www\\sae301\\erddap-api\\vendor\\laravel\\framework\\src\\Illuminate\\Http\\JsonResponse.php:85)
[stacktrace]
#0 D:\\wamp64\\www\\sae301\\erddap-api\\vendor\\laravel\\framework\\src\\Illuminate\\Foundation\\Bootstrap\\HandleExceptions.php(247): Symfony\\Component\\ErrorHandler\\Error\\FatalError->__construct(message: ''Allowed memory...', code: '0', error: '['type' => 1, '...', traceOffset: '0', traceArgs: '???', trace: '???')
#1 D:\\wamp64\\www\\sae301\\erddap-api\\vendor\\laravel\\framework\\src\\Illuminate\\Foundation\\Bootstrap\\HandleExceptions.php(234): Illuminate\\Foundation\\Bootstrap\\HandleExceptions->fatalErrorFromPhpError(error: '['type' => 1, '...', traceOffset: '0')
#2 D:\\wamp64\\www\\sae301\\erddap-api\\vendor\\laravel\\framework\\src\\Illuminate\\Foundation\\Bootstrap\\HandleExceptions.php(258): Illuminate\\Foundation\\Bootstrap\\HandleExceptions->handleShutdown()
#3 D:\\wamp64\\www\\sae301\\erddap-api\\vendor\\laravel\\framework\\src\\Illuminate\\Foundation\\Bootstrap\\HandleExceptions.php(0): Illuminate\\Foundation\\Bootstrap\\HandleExceptions->{closure:D:\\wamp64\\www\\sae301\\erddap-api\\vendor\\laravel\\framework\\src\\Illuminate\\Foundation\\Bootstrap\\HandleExceptions.php:257-259}()
#4 {main}
"} 
[2026-01-23 10:41:06] local.ERROR: Allowed memory size of 134217728 bytes exhausted (tried to allocate 4198400 bytes) {"exception":"[object] (Symfony\\Component\\ErrorHandler\\Error\\FatalError(code: 0): Allowed memory size of 134217728 bytes exhausted (tried to allocate 4198400 bytes) at D:\\wamp64\\www\\sae301\\erddap-api\\vendor\\laravel\\framework\\src\\Illuminate\\Http\\JsonResponse.php:85)
[stacktrace]
#0 D:\\wamp64\\www\\sae301\\erddap-api\\vendor\\laravel\\framework\\src\\Illuminate\\Foundation\\Bootstrap\\HandleExceptions.php(247): Symfony\\Component\\ErrorHandler\\Error\\FatalError->__construct(message: ''Allowed memory...', code: '0', error: '['type' => 1, '...', traceOffset: '0', traceArgs: '???', trace: '???')
#1 D:\\wamp64\\www\\sae301\\erddap-api\\vendor\\laravel\\framework\\src\\Illuminate\\Foundation\\Bootstrap\\HandleExceptions.php(234): Illuminate\\Foundation\\Bootstrap\\HandleExceptions->fatalErrorFromPhpError(error: '['type' => 1, '...', traceOffset: '0')
#2 D:\\wamp64\\www\\sae301\\erddap-api\\vendor\\laravel\\framework\\src\\Illuminate\\Foundation\\Bootstrap\\HandleExceptions.php(258): Illuminate\\Foundation\\Bootstrap\\HandleExceptions->handleShutdown()
#3 D:\\wamp64\\www\\sae301\\erddap-api\\vendor\\laravel\\framework\\src\\Illuminate\\Foundation\\Bootstrap\\HandleExceptions.php(0): Illuminate\\Foundation\\Bootstrap\\HandleExceptions->{closure:D:\\wamp64\\www\\sae301\\erddap-api\\vendor\\laravel\\framework\\src\\Illuminate\\Foundation\\Bootstrap\\HandleExceptions.php:257-259}()
#4 {main}
"} 
[2026-01-23 10:44:55] local.INFO: Appel NOAA URL: https://coastwatch.noaa.gov/erddap/griddap/noaacwBLENDEDsstDNDaily.json?analysed_sst[(2026-01-19T12:00:00Z):1:(2026-01-19T12:00:00Z)][(44.999):1:(45.001)][(-0.001):1:(0.001)]  
[2026-01-23 10:44:56] local.INFO: Réponse NOAA Code: 200  
[2026-01-23 10:45:21] local.ERROR: Allowed memory size of 134217728 bytes exhausted (tried to allocate 6295552 bytes) {"exception":"[object] (Symfony\\Component\\ErrorHandler\\Error\\FatalError(code: 0): Allowed memory size of 134217728 bytes exhausted (tried to allocate 6295552 bytes) at D:\\wamp64\\www\\sae301\\erddap-api\\vendor\\laravel\\framework\\src\\Illuminate\\Http\\JsonResponse.php:85)
[stacktrace]
#0 D:\\wamp64\\www\\sae301\\erddap-api\\vendor\\laravel\\framework\\src\\Illuminate\\Foundation\\Bootstrap\\HandleExceptions.php(247): Symfony\\Component\\ErrorHandler\\Error\\FatalError->__construct(message: ''Allowed memory...', code: '0', error: '['type' => 1, '...', traceOffset: '0', traceArgs: '???', trace: '???')
#1 D:\\wamp64\\www\\sae301\\erddap-api\\vendor\\laravel\\framework\\src\\Illuminate\\Foundation\\Bootstrap\\HandleExceptions.php(234): Illuminate\\Foundation\\Bootstrap\\HandleExceptions->fatalErrorFromPhpError(error: '['type' => 1, '...', traceOffset: '0')
#2 D:\\wamp64\\www\\sae301\\erddap-api\\vendor\\laravel\\framework\\src\\Illuminate\\Foundation\\Bootstrap\\HandleExceptions.php(258): Illuminate\\Foundation\\Bootstrap\\HandleExceptions->handleShutdown()
#3 D:\\wamp64\\www\\sae301\\erddap-api\\vendor\\laravel\\framework\\src\\Illuminate\\Foundation\\Bootstrap\\HandleExceptions.php(0): Illuminate\\Foundation\\Bootstrap\\HandleExceptions->{closure:D:\\wamp64\\www\\sae301\\erddap-api\\vendor\\laravel\\framework\\src\\Illuminate\\Foundation\\Bootstrap\\HandleExceptions.php:257-259}()
#4 {main}
"} 
[2026-01-23 10:46:08] local.ERROR: Allowed memory size of 134217728 bytes exhausted (tried to allocate 6295552 bytes) {"exception":"[object] (Symfony\\Component\\ErrorHandler\\Error\\FatalError(code: 0): Allowed memory size of 134217728 bytes exhausted (tried to allocate 6295552 bytes) at D:\\wamp64\\www\\sae301\\erddap-api\\vendor\\laravel\\framework\\src\\Illuminate\\Http\\JsonResponse.php:85)
[stacktrace]
#0 D:\\wamp64\\www\\sae301\\erddap-api\\vendor\\laravel\\framework\\src\\Illuminate\\Foundation\\Bootstrap\\HandleExceptions.php(247): Symfony\\Component\\ErrorHandler\\Error\\FatalError->__construct(message: ''Allowed memory...', code: '0', error: '['type' => 1, '...', traceOffset: '0', traceArgs: '???', trace: '???')
#1 D:\\wamp64\\www\\sae301\\erddap-api\\vendor\\laravel\\framework\\src\\Illuminate\\Foundation\\Bootstrap\\HandleExceptions.php(234): Illuminate\\Foundation\\Bootstrap\\HandleExceptions->fatalErrorFromPhpError(error: '['type' => 1, '...', traceOffset: '0')
#2 D:\\wamp64\\www\\sae301\\erddap-api\\vendor\\laravel\\framework\\src\\Illuminate\\Foundation\\Bootstrap\\HandleExceptions.php(258): Illuminate\\Foundation\\Bootstrap\\HandleExceptions->handleShutdown()
#3 D:\\wamp64\\www\\sae301\\erddap-api\\vendor\\laravel\\framework\\src\\Illuminate\\Foundation\\Bootstrap\\HandleExceptions.php(0): Illuminate\\Foundation\\Bootstrap\\HandleExceptions->{closure:D:\\wamp64\\www\\sae301\\erddap-api\\vendor\\laravel\\framework\\src\\Illuminate\\Foundation\\Bootstrap\\HandleExceptions.php:257-259}()
#4 {main}
"} 
[2026-01-23 10:46:41] local.ERROR: Allowed memory size of 134217728 bytes exhausted (tried to allocate 6295552 bytes) {"exception":"[object] (Symfony\\Component\\ErrorHandler\\Error\\FatalError(code: 0): Allowed memory size of 134217728 bytes exhausted (tried to allocate 6295552 bytes) at D:\\wamp64\\www\\sae301\\erddap-api\\vendor\\laravel\\framework\\src\\Illuminate\\Http\\JsonResponse.php:85)
[stacktrace]
#0 D:\\wamp64\\www\\sae301\\erddap-api\\vendor\\laravel\\framework\\src\\Illuminate\\Foundation\\Bootstrap\\HandleExceptions.php(247): Symfony\\Component\\ErrorHandler\\Error\\FatalError->__construct(message: ''Allowed memory...', code: '0', error: '['type' => 1, '...', traceOffset: '0', traceArgs: '???', trace: '???')
#1 D:\\wamp64\\www\\sae301\\erddap-api\\vendor\\laravel\\framework\\src\\Illuminate\\Foundation\\Bootstrap\\HandleExceptions.php(234): Illuminate\\Foundation\\Bootstrap\\HandleExceptions->fatalErrorFromPhpError(error: '['type' => 1, '...', traceOffset: '0')
#2 D:\\wamp64\\www\\sae301\\erddap-api\\vendor\\laravel\\framework\\src\\Illuminate\\Foundation\\Bootstrap\\HandleExceptions.php(258): Illuminate\\Foundation\\Bootstrap\\HandleExceptions->handleShutdown()
#3 D:\\wamp64\\www\\sae301\\erddap-api\\vendor\\laravel\\framework\\src\\Illuminate\\Foundation\\Bootstrap\\HandleExceptions.php(0): Illuminate\\Foundation\\Bootstrap\\HandleExceptions->{closure:D:\\wamp64\\www\\sae301\\erddap-api\\vendor\\laravel\\framework\\src\\Illuminate\\Foundation\\Bootstrap\\HandleExceptions.php:257-259}()
#4 {main}
"} 
[2026-01-23 10:47:16] local.ERROR: Allowed memory size of 134217728 bytes exhausted (tried to allocate 6295552 bytes) {"exception":"[object] (Symfony\\Component\\ErrorHandler\\Error\\FatalError(code: 0): Allowed memory size of 134217728 bytes exhausted (tried to allocate 6295552 bytes) at D:\\wamp64\\www\\sae301\\erddap-api\\vendor\\laravel\\framework\\src\\Illuminate\\Http\\JsonResponse.php:85)
[stacktrace]
#0 D:\\wamp64\\www\\sae301\\erddap-api\\vendor\\laravel\\framework\\src\\Illuminate\\Foundation\\Bootstrap\\HandleExceptions.php(247): Symfony\\Component\\ErrorHandler\\Error\\FatalError->__construct(message: ''Allowed memory...', code: '0', error: '['type' => 1, '...', traceOffset: '0', traceArgs: '???', trace: '???')
#1 D:\\wamp64\\www\\sae301\\erddap-api\\vendor\\laravel\\framework\\src\\Illuminate\\Foundation\\Bootstrap\\HandleExceptions.php(234): Illuminate\\Foundation\\Bootstrap\\HandleExceptions->fatalErrorFromPhpError(error: '['type' => 1, '...', traceOffset: '0')
#2 D:\\wamp64\\www\\sae301\\erddap-api\\vendor\\laravel\\framework\\src\\Illuminate\\Foundation\\Bootstrap\\HandleExceptions.php(258): Illuminate\\Foundation\\Bootstrap\\HandleExceptions->handleShutdown()
#3 D:\\wamp64\\www\\sae301\\erddap-api\\vendor\\laravel\\framework\\src\\Illuminate\\Foundation\\Bootstrap\\HandleExceptions.php(0): Illuminate\\Foundation\\Bootstrap\\HandleExceptions->{closure:D:\\wamp64\\www\\sae301\\erddap-api\\vendor\\laravel\\framework\\src\\Illuminate\\Foundation\\Bootstrap\\HandleExceptions.php:257-259}()
#4 {main}
"} 
[2026-01-23 10:47:33] local.ERROR: Allowed memory size of 134217728 bytes exhausted (tried to allocate 6295552 bytes) {"exception":"[object] (Symfony\\Component\\ErrorHandler\\Error\\FatalError(code: 0): Allowed memory size of 134217728 bytes exhausted (tried to allocate 6295552 bytes) at D:\\wamp64\\www\\sae301\\erddap-api\\vendor\\laravel\\framework\\src\\Illuminate\\Http\\JsonResponse.php:85)
[stacktrace]
#0 D:\\wamp64\\www\\sae301\\erddap-api\\vendor\\laravel\\framework\\src\\Illuminate\\Foundation\\Bootstrap\\HandleExceptions.php(247): Symfony\\Component\\ErrorHandler\\Error\\FatalError->__construct(message: ''Allowed memory...', code: '0', error: '['type' => 1, '...', traceOffset: '0', traceArgs: '???', trace: '???')
#1 D:\\wamp64\\www\\sae301\\erddap-api\\vendor\\laravel\\framework\\src\\Illuminate\\Foundation\\Bootstrap\\HandleExceptions.php(234): Illuminate\\Foundation\\Bootstrap\\HandleExceptions->fatalErrorFromPhpError(error: '['type' => 1, '...', traceOffset: '0')
#2 D:\\wamp64\\www\\sae301\\erddap-api\\vendor\\laravel\\framework\\src\\Illuminate\\Foundation\\Bootstrap\\HandleExceptions.php(258): Illuminate\\Foundation\\Bootstrap\\HandleExceptions->handleShutdown()
#3 D:\\wamp64\\www\\sae301\\erddap-api\\vendor\\laravel\\framework\\src\\Illuminate\\Foundation\\Bootstrap\\HandleExceptions.php(0): Illuminate\\Foundation\\Bootstrap\\HandleExceptions->{closure:D:\\wamp64\\www\\sae301\\erddap-api\\vendor\\laravel\\framework\\src\\Illuminate\\Foundation\\Bootstrap\\HandleExceptions.php:257-259}()
#4 {main}
"} 
[2026-01-23 10:51:12] local.ERROR: Allowed memory size of 134217728 bytes exhausted (tried to allocate 6295552 bytes) {"exception":"[object] (Symfony\\Component\\ErrorHandler\\Error\\FatalError(code: 0): Allowed memory size of 134217728 bytes exhausted (tried to allocate 6295552 bytes) at D:\\wamp64\\www\\sae301\\erddap-api\\vendor\\laravel\\framework\\src\\Illuminate\\Http\\JsonResponse.php:85)
[stacktrace]
#0 D:\\wamp64\\www\\sae301\\erddap-api\\vendor\\laravel\\framework\\src\\Illuminate\\Foundation\\Bootstrap\\HandleExceptions.php(247): Symfony\\Component\\ErrorHandler\\Error\\FatalError->__construct(message: ''Allowed memory...', code: '0', error: '['type' => 1, '...', traceOffset: '0', traceArgs: '???', trace: '???')
#1 D:\\wamp64\\www\\sae301\\erddap-api\\vendor\\laravel\\framework\\src\\Illuminate\\Foundation\\Bootstrap\\HandleExceptions.php(234): Illuminate\\Foundation\\Bootstrap\\HandleExceptions->fatalErrorFromPhpError(error: '['type' => 1, '...', traceOffset: '0')
#2 D:\\wamp64\\www\\sae301\\erddap-api\\vendor\\laravel\\framework\\src\\Illuminate\\Foundation\\Bootstrap\\HandleExceptions.php(258): Illuminate\\Foundation\\Bootstrap\\HandleExceptions->handleShutdown()
#3 D:\\wamp64\\www\\sae301\\erddap-api\\vendor\\laravel\\framework\\src\\Illuminate\\Foundation\\Bootstrap\\HandleExceptions.php(0): Illuminate\\Foundation\\Bootstrap\\HandleExceptions->{closure:D:\\wamp64\\www\\sae301\\erddap-api\\vendor\\laravel\\framework\\src\\Illuminate\\Foundation\\Bootstrap\\HandleExceptions.php:257-259}()
#4 {main}
"} 
[2026-01-23 10:55:19] local.INFO: API Stats Request reçue: {"zone":"atlantique-nord","date_debut":"2026-01-13","date_fin":"2026-01-18"} 
[2026-01-23 10:55:19] local.INFO: Zone: atlantique-nord, Center: 45, -12.5  
[2026-01-23 10:55:19] local.INFO: Appel NOAA URL: https://coastwatch.noaa.gov/erddap/griddap/noaacwBLENDEDsstDNDaily.json?analysed_sst[(2026-01-13T12:00:00Z):1:(2026-01-13T12:00:00Z)][(44.999):1:(45.001)][(-12.501):1:(-12.499)]  
[2026-01-23 10:55:20] local.INFO: Réponse NOAA Code: 200  
[2026-01-23 10:55:20] local.INFO: Appel NOAA URL: https://coastwatch.noaa.gov/erddap/griddap/noaacwBLENDEDsstDNDaily.json?analysed_sst[(2026-01-14T12:00:00Z):1:(2026-01-14T12:00:00Z)][(44.999):1:(45.001)][(-12.501):1:(-12.499)]  
[2026-01-23 10:55:20] local.INFO: Réponse NOAA Code: 200  
[2026-01-23 10:55:20] local.INFO: Appel NOAA URL: https://coastwatch.noaa.gov/erddap/griddap/noaacwBLENDEDsstDNDaily.json?analysed_sst[(2026-01-15T12:00:00Z):1:(2026-01-15T12:00:00Z)][(44.999):1:(45.001)][(-12.501):1:(-12.499)]  
[2026-01-23 10:55:21] local.INFO: Réponse NOAA Code: 200  
[2026-01-23 10:55:21] local.INFO: Appel NOAA URL: https://coastwatch.noaa.gov/erddap/griddap/noaacwBLENDEDsstDNDaily.json?analysed_sst[(2026-01-16T12:00:00Z):1:(2026-01-16T12:00:00Z)][(44.999):1:(45.001)][(-12.501):1:(-12.499)]  
[2026-01-23 10:55:22] local.INFO: Réponse NOAA Code: 200  
[2026-01-23 10:55:22] local.INFO: Appel NOAA URL: https://coastwatch.noaa.gov/erddap/griddap/noaacwBLENDEDsstDNDaily.json?analysed_sst[(2026-01-17T12:00:00Z):1:(2026-01-17T12:00:00Z)][(44.999):1:(45.001)][(-12.501):1:(-12.499)]  
[2026-01-23 10:55:23] local.INFO: Réponse NOAA Code: 200  
[2026-01-23 10:55:23] local.INFO: Appel NOAA URL: https://coastwatch.noaa.gov/erddap/griddap/noaacwBLENDEDsstDNDaily.json?analysed_sst[(2026-01-18T12:00:00Z):1:(2026-01-18T12:00:00Z)][(44.999):1:(45.001)][(-12.501):1:(-12.499)]  
[2026-01-23 10:55:24] local.INFO: Réponse NOAA Code: 200  
[2026-01-23 10:55:24] local.INFO: Appel NOAA URL: https://coastwatch.noaa.gov/erddap/griddap/noaacwNPPVIIRSchlaDaily.json?chlor_a[(2026-01-13T12:00:00Z):1:(2026-01-13T12:00:00Z)][(0.0):1:(0.0)][(45.009):1:(45.011)][(-12.496):1:(-12.494)]  
[2026-01-23 10:55:26] local.INFO: Réponse NOAA Code: 200  
[2026-01-23 10:55:26] local.ERROR: SQL Save Fail: SQLSTATE[23000]: Integrity constraint violation: 1048 Le champ 'chla' ne peut être vide (null) (Connection: mysql, SQL: insert into `chlorophylle_a` (`PM_id`, `chla`) values (48, ?))  
[2026-01-23 10:55:26] local.INFO: Appel NOAA URL: https://coastwatch.noaa.gov/erddap/griddap/noaacwNPPVIIRSchlaDaily.json?chlor_a[(2026-01-14T12:00:00Z):1:(2026-01-14T12:00:00Z)][(0.0):1:(0.0)][(45.009):1:(45.011)][(-12.496):1:(-12.494)]  
[2026-01-23 10:55:27] local.INFO: Réponse NOAA Code: 200  
[2026-01-23 10:55:27] local.ERROR: SQL Save Fail: SQLSTATE[23000]: Integrity constraint violation: 1048 Le champ 'chla' ne peut être vide (null) (Connection: mysql, SQL: insert into `chlorophylle_a` (`PM_id`, `chla`) values (49, ?))  
[2026-01-23 10:55:27] local.INFO: Appel NOAA URL: https://coastwatch.noaa.gov/erddap/griddap/noaacwNPPVIIRSchlaDaily.json?chlor_a[(2026-01-15T12:00:00Z):1:(2026-01-15T12:00:00Z)][(0.0):1:(0.0)][(45.009):1:(45.011)][(-12.496):1:(-12.494)]  
[2026-01-23 10:55:27] local.INFO: Réponse NOAA Code: 200  
[2026-01-23 10:55:27] local.ERROR: SQL Save Fail: SQLSTATE[HY000]: General error: 1364 Field 'taux_incertitude' doesn't have a default value (Connection: mysql, SQL: insert into `chlorophylle_a` (`PM_id`, `chla`) values (50, 0.36228514))  
[2026-01-23 10:55:27] local.INFO: Appel NOAA URL: https://coastwatch.noaa.gov/erddap/griddap/noaacwNPPVIIRSchlaDaily.json?chlor_a[(2026-01-16T12:00:00Z):1:(2026-01-16T12:00:00Z)][(0.0):1:(0.0)][(45.009):1:(45.011)][(-12.496):1:(-12.494)]  
[2026-01-23 10:55:28] local.INFO: Réponse NOAA Code: 200  
[2026-01-23 10:55:29] local.ERROR: SQL Save Fail: SQLSTATE[23000]: Integrity constraint violation: 1048 Le champ 'chla' ne peut être vide (null) (Connection: mysql, SQL: insert into `chlorophylle_a` (`PM_id`, `chla`) values (51, ?))  
[2026-01-23 10:55:29] local.INFO: Appel NOAA URL: https://coastwatch.noaa.gov/erddap/griddap/noaacwNPPVIIRSchlaDaily.json?chlor_a[(2026-01-17T12:00:00Z):1:(2026-01-17T12:00:00Z)][(0.0):1:(0.0)][(45.009):1:(45.011)][(-12.496):1:(-12.494)]  
[2026-01-23 10:55:29] local.INFO: Réponse NOAA Code: 200  
[2026-01-23 10:55:29] local.ERROR: SQL Save Fail: SQLSTATE[HY000]: General error: 1364 Field 'taux_incertitude' doesn't have a default value (Connection: mysql, SQL: insert into `chlorophylle_a` (`PM_id`, `chla`) values (52, 0.23850077))  
[2026-01-23 10:55:29] local.INFO: Appel NOAA URL: https://coastwatch.noaa.gov/erddap/griddap/noaacwNPPVIIRSchlaDaily.json?chlor_a[(2026-01-18T12:00:00Z):1:(2026-01-18T12:00:00Z)][(0.0):1:(0.0)][(45.009):1:(45.011)][(-12.496):1:(-12.494)]  
[2026-01-23 10:55:33] local.INFO: Réponse NOAA Code: 200  
[2026-01-23 10:55:33] local.ERROR: SQL Save Fail: SQLSTATE[23000]: Integrity constraint violation: 1048 Le champ 'chla' ne peut être vide (null) (Connection: mysql, SQL: insert into `chlorophylle_a` (`PM_id`, `chla`) values (53, ?))  
[2026-01-23 10:55:43] local.INFO: API Stats Request reçue: {"zone":"atlantique-nord","date_debut":"2026-01-01","date_fin":"2026-01-15"} 
[2026-01-23 10:55:43] local.INFO: Zone: atlantique-nord, Center: 45, -12.5  
[2026-01-23 10:55:43] local.INFO: Appel NOAA URL: https://coastwatch.noaa.gov/erddap/griddap/noaacwBLENDEDsstDNDaily.json?analysed_sst[(2026-01-01T12:00:00Z):1:(2026-01-01T12:00:00Z)][(44.999):1:(45.001)][(-12.501):1:(-12.499)]  
[2026-01-23 10:55:44] local.INFO: Réponse NOAA Code: 200  
[2026-01-23 10:55:44] local.INFO: Appel NOAA URL: https://coastwatch.noaa.gov/erddap/griddap/noaacwBLENDEDsstDNDaily.json?analysed_sst[(2026-01-02T12:00:00Z):1:(2026-01-02T12:00:00Z)][(44.999):1:(45.001)][(-12.501):1:(-12.499)]  
[2026-01-23 10:55:45] local.INFO: Réponse NOAA Code: 200  
[2026-01-23 10:55:45] local.INFO: Appel NOAA URL: https://coastwatch.noaa.gov/erddap/griddap/noaacwBLENDEDsstDNDaily.json?analysed_sst[(2026-01-03T12:00:00Z):1:(2026-01-03T12:00:00Z)][(44.999):1:(45.001)][(-12.501):1:(-12.499)]  
[2026-01-23 10:55:45] local.INFO: Réponse NOAA Code: 200  
[2026-01-23 10:55:45] local.INFO: Appel NOAA URL: https://coastwatch.noaa.gov/erddap/griddap/noaacwBLENDEDsstDNDaily.json?analysed_sst[(2026-01-04T12:00:00Z):1:(2026-01-04T12:00:00Z)][(44.999):1:(45.001)][(-12.501):1:(-12.499)]  
[2026-01-23 10:55:46] local.INFO: Réponse NOAA Code: 200  
[2026-01-23 10:55:46] local.INFO: Appel NOAA URL: https://coastwatch.noaa.gov/erddap/griddap/noaacwBLENDEDsstDNDaily.json?analysed_sst[(2026-01-05T12:00:00Z):1:(2026-01-05T12:00:00Z)][(44.999):1:(45.001)][(-12.501):1:(-12.499)]  
[2026-01-23 10:55:47] local.INFO: Réponse NOAA Code: 200  
[2026-01-23 10:55:47] local.INFO: Appel NOAA URL: https://coastwatch.noaa.gov/erddap/griddap/noaacwBLENDEDsstDNDaily.json?analysed_sst[(2026-01-06T12:00:00Z):1:(2026-01-06T12:00:00Z)][(44.999):1:(45.001)][(-12.501):1:(-12.499)]  
[2026-01-23 10:55:48] local.INFO: Réponse NOAA Code: 200  
[2026-01-23 10:55:48] local.INFO: Appel NOAA URL: https://coastwatch.noaa.gov/erddap/griddap/noaacwBLENDEDsstDNDaily.json?analysed_sst[(2026-01-07T12:00:00Z):1:(2026-01-07T12:00:00Z)][(44.999):1:(45.001)][(-12.501):1:(-12.499)]  
[2026-01-23 10:55:48] local.INFO: Réponse NOAA Code: 200  
[2026-01-23 10:55:48] local.INFO: Appel NOAA URL: https://coastwatch.noaa.gov/erddap/griddap/noaacwBLENDEDsstDNDaily.json?analysed_sst[(2026-01-08T12:00:00Z):1:(2026-01-08T12:00:00Z)][(44.999):1:(45.001)][(-12.501):1:(-12.499)]  
[2026-01-23 10:55:49] local.INFO: Réponse NOAA Code: 200  
[2026-01-23 10:55:49] local.INFO: Appel NOAA URL: https://coastwatch.noaa.gov/erddap/griddap/noaacwBLENDEDsstDNDaily.json?analysed_sst[(2026-01-09T12:00:00Z):1:(2026-01-09T12:00:00Z)][(44.999):1:(45.001)][(-12.501):1:(-12.499)]  
[2026-01-23 10:55:50] local.INFO: Réponse NOAA Code: 200  
[2026-01-23 10:55:50] local.INFO: Appel NOAA URL: https://coastwatch.noaa.gov/erddap/griddap/noaacwBLENDEDsstDNDaily.json?analysed_sst[(2026-01-10T12:00:00Z):1:(2026-01-10T12:00:00Z)][(44.999):1:(45.001)][(-12.501):1:(-12.499)]  
[2026-01-23 10:55:50] local.INFO: Réponse NOAA Code: 200  
[2026-01-23 10:55:50] local.INFO: Appel NOAA URL: https://coastwatch.noaa.gov/erddap/griddap/noaacwBLENDEDsstDNDaily.json?analysed_sst[(2026-01-11T12:00:00Z):1:(2026-01-11T12:00:00Z)][(44.999):1:(45.001)][(-12.501):1:(-12.499)]  
[2026-01-23 10:55:51] local.INFO: Réponse NOAA Code: 200  
[2026-01-23 10:55:51] local.INFO: Appel NOAA URL: https://coastwatch.noaa.gov/erddap/griddap/noaacwBLENDEDsstDNDaily.json?analysed_sst[(2026-01-12T12:00:00Z):1:(2026-01-12T12:00:00Z)][(44.999):1:(45.001)][(-12.501):1:(-12.499)]  
[2026-01-23 10:55:52] local.INFO: Réponse NOAA Code: 200  
[2026-01-23 10:55:52] local.INFO: Appel NOAA URL: https://coastwatch.noaa.gov/erddap/griddap/noaacwBLENDEDsstDNDaily.json?analysed_sst[(2026-01-13T12:00:00Z):1:(2026-01-13T12:00:00Z)][(44.999):1:(45.001)][(-12.501):1:(-12.499)]  
[2026-01-23 10:55:53] local.INFO: Réponse NOAA Code: 200  
[2026-01-23 10:55:53] local.INFO: Appel NOAA URL: https://coastwatch.noaa.gov/erddap/griddap/noaacwBLENDEDsstDNDaily.json?analysed_sst[(2026-01-14T12:00:00Z):1:(2026-01-14T12:00:00Z)][(44.999):1:(45.001)][(-12.501):1:(-12.499)]  
[2026-01-23 10:55:54] local.INFO: Réponse NOAA Code: 200  
[2026-01-23 10:55:54] local.INFO: Appel NOAA URL: https://coastwatch.noaa.gov/erddap/griddap/noaacwBLENDEDsstDNDaily.json?analysed_sst[(2026-01-15T12:00:00Z):1:(2026-01-15T12:00:00Z)][(44.999):1:(45.001)][(-12.501):1:(-12.499)]  
[2026-01-23 10:55:54] local.INFO: Réponse NOAA Code: 200  
[2026-01-23 10:55:54] local.INFO: Appel NOAA URL: https://coastwatch.noaa.gov/erddap/griddap/noaacwSMOSsss3day.json?sss[(2026-01-01T12:00:00Z):1:(2026-01-01T12:00:00Z)][(44.999):1:(45.001)][(-12.501):1:(-12.499)]  
[2026-01-23 10:55:56] local.INFO: Réponse NOAA Code: 404  
[2026-01-23 10:55:56] local.INFO: Appel NOAA URL: https://coastwatch.noaa.gov/erddap/griddap/noaacwSMOSsss3day.json?sss[(2026-01-02T12:00:00Z):1:(2026-01-02T12:00:00Z)][(44.999):1:(45.001)][(-12.501):1:(-12.499)]  
[2026-01-23 10:55:59] local.INFO: Réponse NOAA Code: 404  
[2026-01-23 10:55:59] local.INFO: Appel NOAA URL: https://coastwatch.noaa.gov/erddap/griddap/noaacwSMOSsss3day.json?sss[(2026-01-03T12:00:00Z):1:(2026-01-03T12:00:00Z)][(44.999):1:(45.001)][(-12.501):1:(-12.499)]  
[2026-01-23 10:56:01] local.INFO: Réponse NOAA Code: 404  
[2026-01-23 10:56:01] local.INFO: Appel NOAA URL: https://coastwatch.noaa.gov/erddap/griddap/noaacwSMOSsss3day.json?sss[(2026-01-04T12:00:00Z):1:(2026-01-04T12:00:00Z)][(44.999):1:(45.001)][(-12.501):1:(-12.499)]  
[2026-01-23 10:56:04] local.INFO: Réponse NOAA Code: 404  
[2026-01-23 10:56:04] local.INFO: Appel NOAA URL: https://coastwatch.noaa.gov/erddap/griddap/noaacwSMOSsss3day.json?sss[(2026-01-05T12:00:00Z):1:(2026-01-05T12:00:00Z)][(44.999):1:(45.001)][(-12.501):1:(-12.499)]  
[2026-01-23 10:56:06] local.INFO: Réponse NOAA Code: 404  
[2026-01-23 10:56:06] local.INFO: Appel NOAA URL: https://coastwatch.noaa.gov/erddap/griddap/noaacwSMOSsss3day.json?sss[(2026-01-06T12:00:00Z):1:(2026-01-06T12:00:00Z)][(44.999):1:(45.001)][(-12.501):1:(-12.499)]  
[2026-01-23 10:56:09] local.INFO: Réponse NOAA Code: 404  
[2026-01-23 10:56:09] local.INFO: Appel NOAA URL: https://coastwatch.noaa.gov/erddap/griddap/noaacwNPPVIIRSchlaDaily.json?chlor_a[(2026-01-01T12:00:00Z):1:(2026-01-01T12:00:00Z)][(0.0):1:(0.0)][(45.009):1:(45.011)][(-12.496):1:(-12.494)]  
[2026-01-23 10:56:10] local.INFO: Réponse NOAA Code: 200  
[2026-01-23 10:56:10] local.ERROR: SQL Save Fail: SQLSTATE[23000]: Integrity constraint violation: 1048 Le champ 'chla' ne peut être vide (null) (Connection: mysql, SQL: insert into `chlorophylle_a` (`PM_id`, `chla`) values (61, ?))  
[2026-01-23 10:56:10] local.INFO: Appel NOAA URL: https://coastwatch.noaa.gov/erddap/griddap/noaacwNPPVIIRSchlaDaily.json?chlor_a[(2026-01-02T12:00:00Z):1:(2026-01-02T12:00:00Z)][(0.0):1:(0.0)][(45.009):1:(45.011)][(-12.496):1:(-12.494)]  
[2026-01-23 10:56:10] local.INFO: Réponse NOAA Code: 200  
[2026-01-23 10:56:10] local.ERROR: SQL Save Fail: SQLSTATE[23000]: Integrity constraint violation: 1048 Le champ 'chla' ne peut être vide (null) (Connection: mysql, SQL: insert into `chlorophylle_a` (`PM_id`, `chla`) values (62, ?))  
[2026-01-23 10:56:10] local.INFO: Appel NOAA URL: https://coastwatch.noaa.gov/erddap/griddap/noaacwNPPVIIRSchlaDaily.json?chlor_a[(2026-01-03T12:00:00Z):1:(2026-01-03T12:00:00Z)][(0.0):1:(0.0)][(45.009):1:(45.011)][(-12.496):1:(-12.494)]  
[2026-01-23 10:56:11] local.INFO: Réponse NOAA Code: 200  
[2026-01-23 10:56:11] local.ERROR: SQL Save Fail: SQLSTATE[23000]: Integrity constraint violation: 1048 Le champ 'chla' ne peut être vide (null) (Connection: mysql, SQL: insert into `chlorophylle_a` (`PM_id`, `chla`) values (63, ?))  
[2026-01-23 10:56:11] local.INFO: Appel NOAA URL: https://coastwatch.noaa.gov/erddap/griddap/noaacwNPPVIIRSchlaDaily.json?chlor_a[(2026-01-04T12:00:00Z):1:(2026-01-04T12:00:00Z)][(0.0):1:(0.0)][(45.009):1:(45.011)][(-12.496):1:(-12.494)]  
[2026-01-23 10:56:12] local.INFO: Réponse NOAA Code: 200  
[2026-01-23 10:56:12] local.ERROR: SQL Save Fail: SQLSTATE[23000]: Integrity constraint violation: 1048 Le champ 'chla' ne peut être vide (null) (Connection: mysql, SQL: insert into `chlorophylle_a` (`PM_id`, `chla`) values (64, ?))  
[2026-01-23 10:56:12] local.INFO: Appel NOAA URL: https://coastwatch.noaa.gov/erddap/griddap/noaacwNPPVIIRSchlaDaily.json?chlor_a[(2026-01-05T12:00:00Z):1:(2026-01-05T12:00:00Z)][(0.0):1:(0.0)][(45.009):1:(45.011)][(-12.496):1:(-12.494)]  
[2026-01-23 10:56:13] local.INFO: Réponse NOAA Code: 200  
[2026-01-23 10:56:13] local.ERROR: SQL Save Fail: SQLSTATE[23000]: Integrity constraint violation: 1048 Le champ 'chla' ne peut être vide (null) (Connection: mysql, SQL: insert into `chlorophylle_a` (`PM_id`, `chla`) values (65, ?))  
[2026-01-23 10:56:13] local.INFO: Appel NOAA URL: https://coastwatch.noaa.gov/erddap/griddap/noaacwNPPVIIRSchlaDaily.json?chlor_a[(2026-01-06T12:00:00Z):1:(2026-01-06T12:00:00Z)][(0.0):1:(0.0)][(45.009):1:(45.011)][(-12.496):1:(-12.494)]  
[2026-01-23 10:56:13] local.INFO: Réponse NOAA Code: 200  
[2026-01-23 10:56:13] local.ERROR: SQL Save Fail: SQLSTATE[23000]: Integrity constraint violation: 1048 Le champ 'chla' ne peut être vide (null) (Connection: mysql, SQL: insert into `chlorophylle_a` (`PM_id`, `chla`) values (66, ?))  
[2026-01-23 10:56:13] local.INFO: Appel NOAA URL: https://coastwatch.noaa.gov/erddap/griddap/noaacwNPPVIIRSchlaDaily.json?chlor_a[(2026-01-07T12:00:00Z):1:(2026-01-07T12:00:00Z)][(0.0):1:(0.0)][(45.009):1:(45.011)][(-12.496):1:(-12.494)]  
[2026-01-23 10:56:14] local.INFO: Réponse NOAA Code: 200  
[2026-01-23 10:56:14] local.ERROR: SQL Save Fail: SQLSTATE[23000]: Integrity constraint violation: 1048 Le champ 'chla' ne peut être vide (null) (Connection: mysql, SQL: insert into `chlorophylle_a` (`PM_id`, `chla`) values (54, ?))  
[2026-01-23 10:56:14] local.INFO: Appel NOAA URL: https://coastwatch.noaa.gov/erddap/griddap/noaacwNPPVIIRSchlaDaily.json?chlor_a[(2026-01-08T12:00:00Z):1:(2026-01-08T12:00:00Z)][(0.0):1:(0.0)][(45.009):1:(45.011)][(-12.496):1:(-12.494)]  
[2026-01-23 10:56:14] local.INFO: Réponse NOAA Code: 200  
[2026-01-23 10:56:14] local.ERROR: SQL Save Fail: SQLSTATE[23000]: Integrity constraint violation: 1048 Le champ 'chla' ne peut être vide (null) (Connection: mysql, SQL: insert into `chlorophylle_a` (`PM_id`, `chla`) values (55, ?))  
[2026-01-23 10:56:14] local.INFO: Appel NOAA URL: https://coastwatch.noaa.gov/erddap/griddap/noaacwNPPVIIRSchlaDaily.json?chlor_a[(2026-01-09T12:00:00Z):1:(2026-01-09T12:00:00Z)][(0.0):1:(0.0)][(45.009):1:(45.011)][(-12.496):1:(-12.494)]  
[2026-01-23 10:56:15] local.INFO: Réponse NOAA Code: 200  
[2026-01-23 10:56:15] local.ERROR: SQL Save Fail: SQLSTATE[23000]: Integrity constraint violation: 1048 Le champ 'chla' ne peut être vide (null) (Connection: mysql, SQL: insert into `chlorophylle_a` (`PM_id`, `chla`) values (56, ?))  
[2026-01-23 10:56:15] local.INFO: Appel NOAA URL: https://coastwatch.noaa.gov/erddap/griddap/noaacwNPPVIIRSchlaDaily.json?chlor_a[(2026-01-10T12:00:00Z):1:(2026-01-10T12:00:00Z)][(0.0):1:(0.0)][(45.009):1:(45.011)][(-12.496):1:(-12.494)]  
[2026-01-23 10:56:15] local.INFO: Réponse NOAA Code: 200  
[2026-01-23 10:56:15] local.ERROR: SQL Save Fail: SQLSTATE[HY000]: General error: 1364 Field 'taux_incertitude' doesn't have a default value (Connection: mysql, SQL: insert into `chlorophylle_a` (`PM_id`, `chla`) values (57, 0.2612651))  
[2026-01-23 10:56:15] local.INFO: Appel NOAA URL: https://coastwatch.noaa.gov/erddap/griddap/noaacwNPPVIIRSchlaDaily.json?chlor_a[(2026-01-11T12:00:00Z):1:(2026-01-11T12:00:00Z)][(0.0):1:(0.0)][(45.009):1:(45.011)][(-12.496):1:(-12.494)]  
[2026-01-23 10:56:15] local.INFO: Réponse NOAA Code: 200  
[2026-01-23 10:56:15] local.ERROR: SQL Save Fail: SQLSTATE[HY000]: General error: 1364 Field 'taux_incertitude' doesn't have a default value (Connection: mysql, SQL: insert into `chlorophylle_a` (`PM_id`, `chla`) values (58, 0.2612651))  
[2026-01-23 10:56:15] local.INFO: Appel NOAA URL: https://coastwatch.noaa.gov/erddap/griddap/noaacwNPPVIIRSchlaDaily.json?chlor_a[(2026-01-12T12:00:00Z):1:(2026-01-12T12:00:00Z)][(0.0):1:(0.0)][(45.009):1:(45.011)][(-12.496):1:(-12.494)]  
[2026-01-23 10:56:16] local.INFO: Réponse NOAA Code: 200  
[2026-01-23 10:56:16] local.ERROR: SQL Save Fail: SQLSTATE[23000]: Integrity constraint violation: 1048 Le champ 'chla' ne peut être vide (null) (Connection: mysql, SQL: insert into `chlorophylle_a` (`PM_id`, `chla`) values (59, ?))  
[2026-01-23 10:56:16] local.INFO: Appel NOAA URL: https://coastwatch.noaa.gov/erddap/griddap/noaacwNPPVIIRSchlaDaily.json?chlor_a[(2026-01-13T12:00:00Z):1:(2026-01-13T12:00:00Z)][(0.0):1:(0.0)][(45.009):1:(45.011)][(-12.496):1:(-12.494)]  
[2026-01-23 10:56:16] local.INFO: Réponse NOAA Code: 200  
[2026-01-23 10:56:16] local.ERROR: SQL Save Fail: SQLSTATE[23000]: Integrity constraint violation: 1048 Le champ 'chla' ne peut être vide (null) (Connection: mysql, SQL: insert into `chlorophylle_a` (`PM_id`, `chla`) values (48, ?))  
[2026-01-23 10:56:16] local.INFO: Appel NOAA URL: https://coastwatch.noaa.gov/erddap/griddap/noaacwNPPVIIRSchlaDaily.json?chlor_a[(2026-01-14T12:00:00Z):1:(2026-01-14T12:00:00Z)][(0.0):1:(0.0)][(45.009):1:(45.011)][(-12.496):1:(-12.494)]  
[2026-01-23 10:56:17] local.INFO: Réponse NOAA Code: 200  
[2026-01-23 10:56:17] local.ERROR: SQL Save Fail: SQLSTATE[23000]: Integrity constraint violation: 1048 Le champ 'chla' ne peut être vide (null) (Connection: mysql, SQL: insert into `chlorophylle_a` (`PM_id`, `chla`) values (49, ?))  
[2026-01-23 10:56:17] local.INFO: Appel NOAA URL: https://coastwatch.noaa.gov/erddap/griddap/noaacwNPPVIIRSchlaDaily.json?chlor_a[(2026-01-15T12:00:00Z):1:(2026-01-15T12:00:00Z)][(0.0):1:(0.0)][(45.009):1:(45.011)][(-12.496):1:(-12.494)]  
[2026-01-23 10:56:17] local.INFO: Réponse NOAA Code: 200  
[2026-01-23 10:56:17] local.ERROR: SQL Save Fail: SQLSTATE[HY000]: General error: 1364 Field 'taux_incertitude' doesn't have a default value (Connection: mysql, SQL: insert into `chlorophylle_a` (`PM_id`, `chla`) values (50, 0.36228514))  
[2026-01-23 10:59:15] local.ERROR: Allowed memory size of 134217728 bytes exhausted (tried to allocate 6295552 bytes) {"exception":"[object] (Symfony\\Component\\ErrorHandler\\Error\\FatalError(code: 0): Allowed memory size of 134217728 bytes exhausted (tried to allocate 6295552 bytes) at D:\\wamp64\\www\\sae301\\erddap-api\\vendor\\laravel\\framework\\src\\Illuminate\\Http\\JsonResponse.php:85)
[stacktrace]
#0 D:\\wamp64\\www\\sae301\\erddap-api\\vendor\\laravel\\framework\\src\\Illuminate\\Foundation\\Bootstrap\\HandleExceptions.php(247): Symfony\\Component\\ErrorHandler\\Error\\FatalError->__construct(message: ''Allowed memory...', code: '0', error: '['type' => 1, '...', traceOffset: '0', traceArgs: '???', trace: '???')
#1 D:\\wamp64\\www\\sae301\\erddap-api\\vendor\\laravel\\framework\\src\\Illuminate\\Foundation\\Bootstrap\\HandleExceptions.php(234): Illuminate\\Foundation\\Bootstrap\\HandleExceptions->fatalErrorFromPhpError(error: '['type' => 1, '...', traceOffset: '0')
#2 D:\\wamp64\\www\\sae301\\erddap-api\\vendor\\laravel\\framework\\src\\Illuminate\\Foundation\\Bootstrap\\HandleExceptions.php(258): Illuminate\\Foundation\\Bootstrap\\HandleExceptions->handleShutdown()
#3 D:\\wamp64\\www\\sae301\\erddap-api\\vendor\\laravel\\framework\\src\\Illuminate\\Foundation\\Bootstrap\\HandleExceptions.php(0): Illuminate\\Foundation\\Bootstrap\\HandleExceptions->{closure:D:\\wamp64\\www\\sae301\\erddap-api\\vendor\\laravel\\framework\\src\\Illuminate\\Foundation\\Bootstrap\\HandleExceptions.php:257-259}()
#4 {main}
"} 
